{"/home/travis/build/npmtest/node-npmtest-sharp/test.js":{"path":"/home/travis/build/npmtest/node-npmtest-sharp/test.js","s":{"1":2,"2":2,"3":2,"4":2,"5":2,"6":2,"7":2,"8":1,"9":2,"10":2,"11":1,"12":1,"13":1,"14":1,"15":2,"16":2,"17":2,"18":2,"19":1,"20":1,"21":2,"22":2,"23":2,"24":1,"25":1,"26":1,"27":1,"28":1,"29":1,"30":1,"31":1,"32":1,"33":1,"34":1,"35":1,"36":1,"37":1,"38":1,"39":2,"40":2,"41":1,"42":2,"43":2,"44":1,"45":2,"46":2,"47":1,"48":2,"49":2,"50":1,"51":1,"52":1,"53":1,"54":1},"b":{"1":[2,1,1,1],"2":[1,1,1,1],"3":[1,1],"4":[1,1],"5":[1,1],"6":[1,1],"7":[1,1],"8":[1,1],"9":[1,1],"10":[1,1,1],"11":[1,1],"12":[1,1],"13":[1,1],"14":[1,1],"15":[1,1],"16":[1,1],"17":[1,1]},"f":{"1":2,"2":2,"3":2,"4":2,"5":2,"6":1,"7":1,"8":1,"9":2,"10":2,"11":2,"12":2,"13":1},"fnMap":{"1":{"name":"(anonymous_1)","line":12,"loc":{"start":{"line":12,"column":1},"end":{"line":12,"column":13}}},"2":{"name":"(anonymous_2)","line":19,"loc":{"start":{"line":19,"column":5},"end":{"line":19,"column":17}}},"3":{"name":"(anonymous_3)","line":23,"loc":{"start":{"line":23,"column":24},"end":{"line":23,"column":36}}},"4":{"name":"(anonymous_4)","line":61,"loc":{"start":{"line":61,"column":5},"end":{"line":61,"column":17}}},"5":{"name":"(anonymous_5)","line":82,"loc":{"start":{"line":82,"column":5},"end":{"line":82,"column":17}}},"6":{"name":"(anonymous_6)","line":91,"loc":{"start":{"line":91,"column":77},"end":{"line":94,"column":10}}},"7":{"name":"(anonymous_7)","line":112,"loc":{"start":{"line":112,"column":83},"end":{"line":115,"column":10}},"skip":true},"8":{"name":"(anonymous_8)","line":123,"loc":{"start":{"line":123,"column":77},"end":{"line":126,"column":10}},"skip":true},"9":{"name":"(anonymous_9)","line":139,"loc":{"start":{"line":139,"column":12},"end":{"line":139,"column":40}},"skip":true},"10":{"name":"(anonymous_10)","line":147,"loc":{"start":{"line":147,"column":77},"end":{"line":150,"column":10}},"skip":true},"11":{"name":"(anonymous_11)","line":158,"loc":{"start":{"line":158,"column":83},"end":{"line":161,"column":10}},"skip":true},"12":{"name":"(anonymous_12)","line":169,"loc":{"start":{"line":169,"column":79},"end":{"line":172,"column":10}},"skip":true},"13":{"name":"(anonymous_13)","line":180,"loc":{"start":{"line":180,"column":75},"end":{"line":183,"column":10}},"skip":true}},"statementMap":{"1":{"start":{"line":12,"column":0},"end":{"line":195,"column":5}},"2":{"start":{"line":14,"column":4},"end":{"line":14,"column":14}},"3":{"start":{"line":19,"column":4},"end":{"line":56,"column":9}},"4":{"start":{"line":21,"column":8},"end":{"line":21,"column":19}},"5":{"start":{"line":23,"column":8},"end":{"line":35,"column":13}},"6":{"start":{"line":24,"column":12},"end":{"line":34,"column":13}},"7":{"start":{"line":25,"column":16},"end":{"line":28,"column":30}},"8":{"start":{"line":30,"column":16},"end":{"line":33,"column":27}},"9":{"start":{"line":37,"column":8},"end":{"line":39,"column":21}},"10":{"start":{"line":40,"column":8},"end":{"line":53,"column":9}},"11":{"start":{"line":43,"column":12},"end":{"line":46,"column":14}},"12":{"start":{"line":47,"column":12},"end":{"line":47,"column":18}},"13":{"start":{"line":50,"column":12},"end":{"line":51,"column":46}},"14":{"start":{"line":52,"column":12},"end":{"line":52,"column":18}},"15":{"start":{"line":55,"column":8},"end":{"line":55,"column":35}},"16":{"start":{"line":61,"column":4},"end":{"line":63,"column":9}},"17":{"start":{"line":62,"column":8},"end":{"line":62,"column":15}},"18":{"start":{"line":64,"column":4},"end":{"line":77,"column":5}},"19":{"start":{"line":70,"column":8},"end":{"line":70,"column":14}},"20":{"start":{"line":76,"column":8},"end":{"line":76,"column":14}},"21":{"start":{"line":82,"column":4},"end":{"line":84,"column":9}},"22":{"start":{"line":83,"column":8},"end":{"line":83,"column":15}},"23":{"start":{"line":85,"column":4},"end":{"line":194,"column":5}},"24":{"start":{"line":91,"column":8},"end":{"line":99,"column":10}},"25":{"start":{"line":98,"column":12},"end":{"line":98,"column":35}},"26":{"start":{"line":102,"column":8},"end":{"line":104,"column":63}},"27":{"start":{"line":105,"column":8},"end":{"line":105,"column":14}},"28":{"start":{"line":112,"column":8},"end":{"line":121,"column":10},"skip":true},"29":{"start":{"line":119,"column":12},"end":{"line":119,"column":55},"skip":true},"30":{"start":{"line":120,"column":12},"end":{"line":120,"column":48},"skip":true},"31":{"start":{"line":123,"column":8},"end":{"line":136,"column":10},"skip":true},"32":{"start":{"line":130,"column":12},"end":{"line":130,"column":76},"skip":true},"33":{"start":{"line":131,"column":12},"end":{"line":131,"column":73},"skip":true},"34":{"start":{"line":132,"column":12},"end":{"line":132,"column":74},"skip":true},"35":{"start":{"line":133,"column":12},"end":{"line":133,"column":79},"skip":true},"36":{"start":{"line":134,"column":12},"end":{"line":134,"column":25},"skip":true},"37":{"start":{"line":135,"column":12},"end":{"line":135,"column":45},"skip":true},"38":{"start":{"line":138,"column":8},"end":{"line":145,"column":14},"skip":true},"39":{"start":{"line":143,"column":16},"end":{"line":143,"column":29},"skip":true},"40":{"start":{"line":144,"column":16},"end":{"line":144,"column":55},"skip":true},"41":{"start":{"line":147,"column":8},"end":{"line":156,"column":10},"skip":true},"42":{"start":{"line":154,"column":12},"end":{"line":154,"column":25},"skip":true},"43":{"start":{"line":155,"column":12},"end":{"line":155,"column":45},"skip":true},"44":{"start":{"line":158,"column":8},"end":{"line":167,"column":10},"skip":true},"45":{"start":{"line":165,"column":12},"end":{"line":165,"column":25},"skip":true},"46":{"start":{"line":166,"column":12},"end":{"line":166,"column":48},"skip":true},"47":{"start":{"line":169,"column":8},"end":{"line":178,"column":10},"skip":true},"48":{"start":{"line":176,"column":12},"end":{"line":176,"column":25},"skip":true},"49":{"start":{"line":177,"column":12},"end":{"line":177,"column":46},"skip":true},"50":{"start":{"line":180,"column":8},"end":{"line":189,"column":10},"skip":true},"51":{"start":{"line":187,"column":12},"end":{"line":187,"column":94},"skip":true},"52":{"start":{"line":188,"column":12},"end":{"line":188,"column":48},"skip":true},"53":{"start":{"line":192,"column":8},"end":{"line":192,"column":35},"skip":true},"54":{"start":{"line":193,"column":8},"end":{"line":193,"column":14},"skip":true}},"branchMap":{"1":{"line":25,"type":"binary-expr","locations":[{"start":{"line":25,"column":23},"end":{"line":25,"column":62}},{"start":{"line":26,"column":20},"end":{"line":26,"column":70}},{"start":{"line":27,"column":20},"end":{"line":27,"column":71}},{"start":{"line":28,"column":20},"end":{"line":28,"column":29}}]},"2":{"line":30,"type":"binary-expr","locations":[{"start":{"line":30,"column":23},"end":{"line":30,"column":37}},{"start":{"line":31,"column":20},"end":{"line":31,"column":61}},{"start":{"line":32,"column":20},"end":{"line":32,"column":70}},{"start":{"line":33,"column":20},"end":{"line":33,"column":26}}]},"3":{"line":37,"type":"cond-expr","locations":[{"start":{"line":38,"column":14},"end":{"line":38,"column":20}},{"start":{"line":39,"column":14},"end":{"line":39,"column":20}}]},"4":{"line":40,"type":"switch","locations":[{"start":{"line":42,"column":8},"end":{"line":47,"column":18}},{"start":{"line":49,"column":8},"end":{"line":52,"column":18}}]},"5":{"line":44,"type":"binary-expr","locations":[{"start":{"line":44,"column":16},"end":{"line":44,"column":44}},{"start":{"line":44,"column":48},"end":{"line":44,"column":66}}]},"6":{"line":50,"type":"binary-expr","locations":[{"start":{"line":50,"column":21},"end":{"line":50,"column":49}},{"start":{"line":50,"column":53},"end":{"line":50,"column":72}}]},"7":{"line":64,"type":"switch","locations":[{"start":{"line":69,"column":4},"end":{"line":70,"column":14}},{"start":{"line":75,"column":4},"end":{"line":76,"column":14}}]},"8":{"line":85,"type":"switch","locations":[{"start":{"line":90,"column":4},"end":{"line":105,"column":14}},{"start":{"line":111,"column":4},"end":{"line":193,"column":14},"skip":true}]},"9":{"line":91,"type":"binary-expr","locations":[{"start":{"line":91,"column":42},"end":{"line":91,"column":73}},{"start":{"line":91,"column":77},"end":{"line":99,"column":9}}]},"10":{"line":102,"type":"binary-expr","locations":[{"start":{"line":102,"column":18},"end":{"line":102,"column":32}},{"start":{"line":103,"column":12},"end":{"line":103,"column":53}},{"start":{"line":104,"column":12},"end":{"line":104,"column":61}}]},"11":{"line":112,"type":"binary-expr","locations":[{"start":{"line":112,"column":45},"end":{"line":112,"column":79},"skip":true},{"start":{"line":112,"column":83},"end":{"line":121,"column":9},"skip":true}]},"12":{"line":123,"type":"binary-expr","locations":[{"start":{"line":123,"column":42},"end":{"line":123,"column":73},"skip":true},{"start":{"line":123,"column":77},"end":{"line":136,"column":9},"skip":true}]},"13":{"line":138,"type":"binary-expr","locations":[{"start":{"line":138,"column":48},"end":{"line":138,"column":85},"skip":true},{"start":{"line":139,"column":12},"end":{"line":145,"column":13},"skip":true}]},"14":{"line":147,"type":"binary-expr","locations":[{"start":{"line":147,"column":42},"end":{"line":147,"column":73},"skip":true},{"start":{"line":147,"column":77},"end":{"line":156,"column":9},"skip":true}]},"15":{"line":158,"type":"binary-expr","locations":[{"start":{"line":158,"column":45},"end":{"line":158,"column":79},"skip":true},{"start":{"line":158,"column":83},"end":{"line":167,"column":9},"skip":true}]},"16":{"line":169,"type":"binary-expr","locations":[{"start":{"line":169,"column":43},"end":{"line":169,"column":75},"skip":true},{"start":{"line":169,"column":79},"end":{"line":178,"column":9},"skip":true}]},"17":{"line":180,"type":"binary-expr","locations":[{"start":{"line":180,"column":41},"end":{"line":180,"column":71},"skip":true},{"start":{"line":180,"column":75},"end":{"line":189,"column":9},"skip":true}]}},"code":["/* istanbul instrument in package npmtest_sharp */","/*jslint","    bitwise: true,","    browser: true,","    maxerr: 8,","    maxlen: 96,","    node: true,","    nomen: true,","    regexp: true,","    stupid: true","*/","(function () {","    'use strict';","    var local;","","","","    // run shared js-env code - pre-init","    (function () {","        // init local","        local = {};","        // init modeJs","        local.modeJs = (function () {","            try {","                return typeof navigator.userAgent === 'string' &&","                    typeof document.querySelector('body') === 'object' &&","                    typeof XMLHttpRequest.prototype.open === 'function' &&","                    'browser';","            } catch (errorCaughtBrowser) {","                return module.exports &&","                    typeof process.versions.node === 'string' &&","                    typeof require('http').createServer === 'function' &&","                    'node';","            }","        }());","        // init global","        local.global = local.modeJs === 'browser'","            ? window","            : global;","        switch (local.modeJs) {","        // re-init local from window.local","        case 'browser':","            local = local.global.utility2.objectSetDefault(","                local.global.utility2_rollup || local.global.local,","                local.global.utility2","            );","            break;","        // re-init local from example.js","        case 'node':","            local = (local.global.utility2_rollup || require('utility2'))","                .requireExampleJsFromReadme();","            break;","        }","        // export local","        local.global.local = local;","    }());","","","","    // run shared js-env code - function","    (function () {","        return;","    }());","    switch (local.modeJs) {","","","","    // run browser js-env code - function","    case 'browser':","        break;","","","","    // run node js-env code - function","    case 'node':","        break;","    }","","","","    // run shared js-env code - post-init","    (function () {","        return;","    }());","    switch (local.modeJs) {","","","","    // run browser js-env code - post-init","    case 'browser':","        local.testCase_browser_nullCase = local.testCase_browser_nullCase || function (","            options,","            onError","        ) {","        /*","         * this function will test browsers's null-case handling-behavior-behavior","         */","            onError(null, options);","        };","","        // run tests","        local.nop(local.modeTest &&","            document.querySelector('#testRunButton1') &&","            document.querySelector('#testRunButton1').click());","        break;","","","","    // run node js-env code - post-init","    /* istanbul ignore next */","    case 'node':","        local.testCase_buildApidoc_default = local.testCase_buildApidoc_default || function (","            options,","            onError","        ) {","        /*","         * this function will test buildApidoc's default handling-behavior-behavior","         */","            options = { modulePathList: module.paths };","            local.buildApidoc(options, onError);","        };","","        local.testCase_buildApp_default = local.testCase_buildApp_default || function (","            options,","            onError","        ) {","        /*","         * this function will test buildApp's default handling-behavior-behavior","         */","            local.testCase_buildReadme_default(options, local.onErrorThrow);","            local.testCase_buildLib_default(options, local.onErrorThrow);","            local.testCase_buildTest_default(options, local.onErrorThrow);","            local.testCase_buildCustomOrg_default(options, local.onErrorThrow);","            options = [];","            local.buildApp(options, onError);","        };","","        local.testCase_buildCustomOrg_default = local.testCase_buildCustomOrg_default ||","            function (options, onError) {","            /*","             * this function will test buildCustomOrg's default handling-behavior","             */","                options = {};","                local.buildCustomOrg(options, onError);","            };","","        local.testCase_buildLib_default = local.testCase_buildLib_default || function (","            options,","            onError","        ) {","        /*","         * this function will test buildLib's default handling-behavior","         */","            options = {};","            local.buildLib(options, onError);","        };","","        local.testCase_buildReadme_default = local.testCase_buildReadme_default || function (","            options,","            onError","        ) {","        /*","         * this function will test buildReadme's default handling-behavior-behavior","         */","            options = {};","            local.buildReadme(options, onError);","        };","","        local.testCase_buildTest_default = local.testCase_buildTest_default || function (","            options,","            onError","        ) {","        /*","         * this function will test buildTest's default handling-behavior","         */","            options = {};","            local.buildTest(options, onError);","        };","","        local.testCase_webpage_default = local.testCase_webpage_default || function (","            options,","            onError","        ) {","        /*","         * this function will test webpage's default handling-behavior","         */","            options = { modeCoverageMerge: true, url: local.serverLocalHost + '?modeTest=1' };","            local.browserTest(options, onError);","        };","","        // run test-server","        local.testRunServer(local);","        break;","    }","}());",""],"l":{"12":2,"14":2,"19":2,"21":2,"23":2,"24":2,"25":2,"30":1,"37":2,"40":2,"43":1,"47":1,"50":1,"52":1,"55":2,"61":2,"62":2,"64":2,"70":1,"76":1,"82":2,"83":2,"85":2,"91":1,"98":1,"102":1,"105":1,"112":1,"119":1,"120":1,"123":1,"130":1,"131":1,"132":1,"133":1,"134":1,"135":1,"138":1,"143":2,"144":2,"147":1,"154":2,"155":2,"158":1,"165":2,"166":2,"169":1,"176":2,"177":2,"180":1,"187":1,"188":1,"192":1,"193":1}},"/home/travis/build/npmtest/node-npmtest-sharp/lib.npmtest_sharp.js":{"path":"/home/travis/build/npmtest/node-npmtest-sharp/lib.npmtest_sharp.js","s":{"1":2,"2":2,"3":2,"4":2,"5":2,"6":2,"7":2,"8":1,"9":2,"10":2,"11":2,"12":2,"13":1,"14":1,"15":1,"16":1},"b":{"1":[2,1,1,1],"2":[1,1,1,1],"3":[1,1],"4":[2,2],"5":[1,1]},"f":{"1":2,"2":2,"3":2},"fnMap":{"1":{"name":"(anonymous_1)","line":12,"loc":{"start":{"line":12,"column":1},"end":{"line":12,"column":13}}},"2":{"name":"(anonymous_2)","line":19,"loc":{"start":{"line":19,"column":5},"end":{"line":19,"column":17}}},"3":{"name":"(anonymous_3)","line":23,"loc":{"start":{"line":23,"column":24},"end":{"line":23,"column":36}}}},"statementMap":{"1":{"start":{"line":12,"column":0},"end":{"line":53,"column":5}},"2":{"start":{"line":14,"column":4},"end":{"line":14,"column":14}},"3":{"start":{"line":19,"column":4},"end":{"line":52,"column":9}},"4":{"start":{"line":21,"column":8},"end":{"line":21,"column":19}},"5":{"start":{"line":23,"column":8},"end":{"line":35,"column":13}},"6":{"start":{"line":24,"column":12},"end":{"line":34,"column":13}},"7":{"start":{"line":25,"column":16},"end":{"line":28,"column":30}},"8":{"start":{"line":30,"column":16},"end":{"line":33,"column":27}},"9":{"start":{"line":37,"column":8},"end":{"line":39,"column":21}},"10":{"start":{"line":41,"column":8},"end":{"line":41,"column":54}},"11":{"start":{"line":43,"column":8},"end":{"line":43,"column":50}},"12":{"start":{"line":45,"column":8},"end":{"line":51,"column":9}},"13":{"start":{"line":46,"column":12},"end":{"line":46,"column":56}},"14":{"start":{"line":48,"column":12},"end":{"line":48,"column":35}},"15":{"start":{"line":49,"column":12},"end":{"line":49,"column":49}},"16":{"start":{"line":50,"column":12},"end":{"line":50,"column":43}}},"branchMap":{"1":{"line":25,"type":"binary-expr","locations":[{"start":{"line":25,"column":23},"end":{"line":25,"column":62}},{"start":{"line":26,"column":20},"end":{"line":26,"column":70}},{"start":{"line":27,"column":20},"end":{"line":27,"column":71}},{"start":{"line":28,"column":20},"end":{"line":28,"column":29}}]},"2":{"line":30,"type":"binary-expr","locations":[{"start":{"line":30,"column":23},"end":{"line":30,"column":37}},{"start":{"line":31,"column":20},"end":{"line":31,"column":61}},{"start":{"line":32,"column":20},"end":{"line":32,"column":70}},{"start":{"line":33,"column":20},"end":{"line":33,"column":26}}]},"3":{"line":37,"type":"cond-expr","locations":[{"start":{"line":38,"column":14},"end":{"line":38,"column":20}},{"start":{"line":39,"column":14},"end":{"line":39,"column":20}}]},"4":{"line":41,"type":"binary-expr","locations":[{"start":{"line":41,"column":16},"end":{"line":41,"column":44}},{"start":{"line":41,"column":48},"end":{"line":41,"column":53}}]},"5":{"line":45,"type":"if","locations":[{"start":{"line":45,"column":8},"end":{"line":45,"column":8}},{"start":{"line":45,"column":8},"end":{"line":45,"column":8}}]}},"code":["/* istanbul instrument in package npmtest_sharp */","/*jslint","    bitwise: true,","    browser: true,","    maxerr: 8,","    maxlen: 96,","    node: true,","    nomen: true,","    regexp: true,","    stupid: true","*/","(function () {","    'use strict';","    var local;","","","","    // run shared js-env code - pre-init","    (function () {","        // init local","        local = {};","        // init modeJs","        local.modeJs = (function () {","            try {","                return typeof navigator.userAgent === 'string' &&","                    typeof document.querySelector('body') === 'object' &&","                    typeof XMLHttpRequest.prototype.open === 'function' &&","                    'browser';","            } catch (errorCaughtBrowser) {","                return module.exports &&","                    typeof process.versions.node === 'string' &&","                    typeof require('http').createServer === 'function' &&","                    'node';","            }","        }());","        // init global","        local.global = local.modeJs === 'browser'","            ? window","            : global;","        // init utility2_rollup","        local = local.global.utility2_rollup || local;","        // init lib","        local.local = local.npmtest_sharp = local;","        // init exports","        if (local.modeJs === 'browser') {","            local.global.utility2_npmtest_sharp = local;","        } else {","            module.exports = local;","            module.exports.__dirname = __dirname;","            module.exports.module = module;","        }","    }());","}());",""],"l":{"12":2,"14":2,"19":2,"21":2,"23":2,"24":2,"25":2,"30":1,"37":2,"41":2,"43":2,"45":2,"46":1,"48":1,"49":1,"50":1}},"/home/travis/build/npmtest/node-npmtest-sharp/example.js":{"path":"/home/travis/build/npmtest/node-npmtest-sharp/example.js","s":{"1":2,"2":2,"3":2,"4":2,"5":2,"6":2,"7":2,"8":1,"9":2,"10":2,"11":2,"12":2,"13":1,"14":2,"15":2,"16":2,"17":2,"18":2,"19":0,"20":2,"21":1,"22":1,"23":1,"24":1,"25":1,"26":0,"27":0,"28":1,"29":1,"30":2,"31":0,"32":0,"33":0,"34":1,"35":2,"36":2,"37":3,"38":3,"39":3,"40":3,"41":0,"42":3,"43":3,"44":3,"45":1,"46":3,"47":1,"48":1,"49":1,"50":1,"51":1,"52":1,"53":1,"54":1,"55":1,"56":1,"57":0,"58":1,"59":6,"60":6,"61":1,"62":2,"63":0,"64":2,"65":1,"66":1,"67":0,"68":0,"69":0,"70":0,"71":0,"72":0,"73":0,"74":0,"75":0,"76":0,"77":0,"78":0,"79":0,"80":0,"81":0,"82":0,"83":0},"b":{"1":[2,1,1,1],"2":[1,1,1,1],"3":[1,1],"4":[2,2],"5":[1,1],"6":[1,1],"7":[2,0],"8":[2,1,1,1,1,1],"9":[0,2,0],"10":[1,1],"11":[2,1,1],"12":[1,0],"13":[0,2],"14":[2,0,0,0,0,0,0],"15":[0,3],"16":[3,0],"17":[1,1],"18":[0,1],"19":[1,2,0,2],"20":[1,0],"21":[1,1],"22":[0,0],"23":[0,0],"24":[0,0],"25":[0,0],"26":[0,0],"27":[0,0],"28":[0,0]},"f":{"1":2,"2":2,"3":2,"4":2,"5":2,"6":2,"7":3,"8":3,"9":3,"10":1,"11":6,"12":0},"fnMap":{"1":{"name":"(anonymous_1)","line":26,"loc":{"start":{"line":26,"column":1},"end":{"line":26,"column":13}}},"2":{"name":"(anonymous_2)","line":33,"loc":{"start":{"line":33,"column":5},"end":{"line":33,"column":17}}},"3":{"name":"(anonymous_3)","line":37,"loc":{"start":{"line":37,"column":24},"end":{"line":37,"column":36}}},"4":{"name":"(anonymous_4)","line":69,"loc":{"start":{"line":69,"column":31},"end":{"line":69,"column":48}},"skip":true},"5":{"name":"(anonymous_5)","line":78,"loc":{"start":{"line":78,"column":26},"end":{"line":78,"column":45}},"skip":true},"6":{"name":"(anonymous_6)","line":123,"loc":{"start":{"line":123,"column":33},"end":{"line":123,"column":48}},"skip":true},"7":{"name":"(anonymous_7)","line":125,"loc":{"start":{"line":125,"column":27},"end":{"line":125,"column":39}},"skip":true},"8":{"name":"(anonymous_8)","line":133,"loc":{"start":{"line":133,"column":59},"end":{"line":133,"column":74}},"skip":true},"9":{"name":"(anonymous_9)","line":143,"loc":{"start":{"line":143,"column":45},"end":{"line":143,"column":62}},"skip":true},"10":{"name":"(anonymous_10)","line":144,"loc":{"start":{"line":144,"column":73},"end":{"line":144,"column":92}},"skip":true},"11":{"name":"(anonymous_11)","line":272,"loc":{"start":{"line":272,"column":51},"end":{"line":272,"column":77}},"skip":true},"12":{"name":"(anonymous_12)","line":315,"loc":{"start":{"line":315,"column":32},"end":{"line":315,"column":61}},"skip":true}},"statementMap":{"1":{"start":{"line":26,"column":0},"end":{"line":326,"column":5}},"2":{"start":{"line":28,"column":4},"end":{"line":28,"column":14}},"3":{"start":{"line":33,"column":4},"end":{"line":60,"column":9}},"4":{"start":{"line":35,"column":8},"end":{"line":35,"column":19}},"5":{"start":{"line":37,"column":8},"end":{"line":49,"column":13}},"6":{"start":{"line":38,"column":12},"end":{"line":48,"column":13}},"7":{"start":{"line":39,"column":16},"end":{"line":42,"column":30}},"8":{"start":{"line":44,"column":16},"end":{"line":47,"column":27}},"9":{"start":{"line":51,"column":8},"end":{"line":53,"column":21}},"10":{"start":{"line":55,"column":8},"end":{"line":57,"column":45}},"11":{"start":{"line":59,"column":8},"end":{"line":59,"column":35}},"12":{"start":{"line":61,"column":4},"end":{"line":325,"column":5}},"13":{"start":{"line":69,"column":8},"end":{"line":121,"column":10},"skip":true},"14":{"start":{"line":70,"column":12},"end":{"line":88,"column":13},"skip":true},"15":{"start":{"line":76,"column":16},"end":{"line":87,"column":19},"skip":true},"16":{"start":{"line":79,"column":20},"end":{"line":86,"column":21},"skip":true},"17":{"start":{"line":82,"column":24},"end":{"line":82,"column":43},"skip":true},"18":{"start":{"line":83,"column":24},"end":{"line":83,"column":30},"skip":true},"19":{"start":{"line":85,"column":24},"end":{"line":85,"column":49},"skip":true},"20":{"start":{"line":89,"column":12},"end":{"line":107,"column":13},"skip":true},"21":{"start":{"line":92,"column":16},"end":{"line":102,"column":17},"skip":true},"22":{"start":{"line":93,"column":20},"end":{"line":93,"column":86},"skip":true},"23":{"start":{"line":94,"column":20},"end":{"line":95,"column":45},"skip":true},"24":{"start":{"line":96,"column":20},"end":{"line":96,"column":42},"skip":true},"25":{"start":{"line":97,"column":20},"end":{"line":97,"column":48},"skip":true},"26":{"start":{"line":100,"column":20},"end":{"line":100,"column":85},"skip":true},"27":{"start":{"line":101,"column":20},"end":{"line":101,"column":96},"skip":true},"28":{"start":{"line":103,"column":16},"end":{"line":103,"column":22},"skip":true},"29":{"start":{"line":106,"column":16},"end":{"line":106,"column":22},"skip":true},"30":{"start":{"line":108,"column":12},"end":{"line":120,"column":13},"skip":true},"31":{"start":{"line":114,"column":16},"end":{"line":119,"column":17},"skip":true},"32":{"start":{"line":116,"column":20},"end":{"line":116,"column":78},"skip":true},"33":{"start":{"line":118,"column":20},"end":{"line":118,"column":47},"skip":true},"34":{"start":{"line":123,"column":8},"end":{"line":141,"column":11},"skip":true},"35":{"start":{"line":124,"column":12},"end":{"line":124,"column":54},"skip":true},"36":{"start":{"line":125,"column":12},"end":{"line":140,"column":14},"skip":true},"37":{"start":{"line":126,"column":16},"end":{"line":126,"column":28},"skip":true},"38":{"start":{"line":127,"column":16},"end":{"line":127,"column":69},"skip":true},"39":{"start":{"line":128,"column":16},"end":{"line":128,"column":75},"skip":true},"40":{"start":{"line":129,"column":16},"end":{"line":131,"column":17},"skip":true},"41":{"start":{"line":130,"column":20},"end":{"line":130,"column":27},"skip":true},"42":{"start":{"line":133,"column":16},"end":{"line":137,"column":36},"skip":true},"43":{"start":{"line":134,"column":20},"end":{"line":136,"column":55},"skip":true},"44":{"start":{"line":139,"column":16},"end":{"line":139,"column":57},"skip":true},"45":{"start":{"line":143,"column":8},"end":{"line":147,"column":11},"skip":true},"46":{"start":{"line":144,"column":12},"end":{"line":146,"column":15},"skip":true},"47":{"start":{"line":145,"column":16},"end":{"line":145,"column":70},"skip":true},"48":{"start":{"line":149,"column":8},"end":{"line":149,"column":31},"skip":true},"49":{"start":{"line":150,"column":8},"end":{"line":150,"column":14},"skip":true},"50":{"start":{"line":158,"column":8},"end":{"line":158,"column":31},"skip":true},"51":{"start":{"line":160,"column":8},"end":{"line":160,"column":33},"skip":true},"52":{"start":{"line":161,"column":8},"end":{"line":161,"column":37},"skip":true},"53":{"start":{"line":162,"column":8},"end":{"line":162,"column":35},"skip":true},"54":{"start":{"line":164,"column":8},"end":{"line":164,"column":50},"skip":true},"55":{"start":{"line":166,"column":8},"end":{"line":256,"column":2},"skip":true},"56":{"start":{"line":258,"column":8},"end":{"line":286,"column":9},"skip":true},"57":{"start":{"line":259,"column":12},"end":{"line":269,"column":14},"skip":true},"58":{"start":{"line":271,"column":12},"end":{"line":285,"column":19},"skip":true},"59":{"start":{"line":274,"column":20},"end":{"line":274,"column":35},"skip":true},"60":{"start":{"line":275,"column":20},"end":{"line":284,"column":21},"skip":true},"61":{"start":{"line":277,"column":24},"end":{"line":277,"column":64},"skip":true},"62":{"start":{"line":279,"column":24},"end":{"line":279,"column":40},"skip":true},"63":{"start":{"line":281,"column":24},"end":{"line":281,"column":40},"skip":true},"64":{"start":{"line":283,"column":24},"end":{"line":283,"column":39},"skip":true},"65":{"start":{"line":288,"column":8},"end":{"line":290,"column":9},"skip":true},"66":{"start":{"line":289,"column":12},"end":{"line":289,"column":18},"skip":true},"67":{"start":{"line":291,"column":8},"end":{"line":293,"column":54},"skip":true},"68":{"start":{"line":296,"column":8},"end":{"line":301,"column":37},"skip":true},"69":{"start":{"line":303,"column":8},"end":{"line":303,"column":82},"skip":true},"70":{"start":{"line":306,"column":8},"end":{"line":308,"column":9},"skip":true},"71":{"start":{"line":307,"column":12},"end":{"line":307,"column":82},"skip":true},"72":{"start":{"line":310,"column":8},"end":{"line":312,"column":9},"skip":true},"73":{"start":{"line":311,"column":12},"end":{"line":311,"column":18},"skip":true},"74":{"start":{"line":313,"column":8},"end":{"line":313,"column":54},"skip":true},"75":{"start":{"line":314,"column":8},"end":{"line":314,"column":69},"skip":true},"76":{"start":{"line":315,"column":8},"end":{"line":323,"column":36},"skip":true},"77":{"start":{"line":316,"column":12},"end":{"line":316,"column":61},"skip":true},"78":{"start":{"line":317,"column":12},"end":{"line":320,"column":13},"skip":true},"79":{"start":{"line":318,"column":16},"end":{"line":318,"column":75},"skip":true},"80":{"start":{"line":319,"column":16},"end":{"line":319,"column":23},"skip":true},"81":{"start":{"line":321,"column":12},"end":{"line":321,"column":38},"skip":true},"82":{"start":{"line":322,"column":12},"end":{"line":322,"column":27},"skip":true},"83":{"start":{"line":324,"column":8},"end":{"line":324,"column":14},"skip":true}},"branchMap":{"1":{"line":39,"type":"binary-expr","locations":[{"start":{"line":39,"column":23},"end":{"line":39,"column":62}},{"start":{"line":40,"column":20},"end":{"line":40,"column":70}},{"start":{"line":41,"column":20},"end":{"line":41,"column":71}},{"start":{"line":42,"column":20},"end":{"line":42,"column":29}}]},"2":{"line":44,"type":"binary-expr","locations":[{"start":{"line":44,"column":23},"end":{"line":44,"column":37}},{"start":{"line":45,"column":20},"end":{"line":45,"column":61}},{"start":{"line":46,"column":20},"end":{"line":46,"column":70}},{"start":{"line":47,"column":20},"end":{"line":47,"column":26}}]},"3":{"line":51,"type":"cond-expr","locations":[{"start":{"line":52,"column":14},"end":{"line":52,"column":20}},{"start":{"line":53,"column":14},"end":{"line":53,"column":20}}]},"4":{"line":55,"type":"binary-expr","locations":[{"start":{"line":55,"column":16},"end":{"line":55,"column":44}},{"start":{"line":55,"column":49},"end":{"line":57,"column":43}}]},"5":{"line":55,"type":"cond-expr","locations":[{"start":{"line":56,"column":14},"end":{"line":56,"column":49}},{"start":{"line":57,"column":14},"end":{"line":57,"column":43}}]},"6":{"line":61,"type":"switch","locations":[{"start":{"line":68,"column":4},"end":{"line":150,"column":14},"skip":true},{"start":{"line":156,"column":4},"end":{"line":324,"column":14},"skip":true}]},"7":{"line":70,"type":"if","locations":[{"start":{"line":70,"column":12},"end":{"line":70,"column":12},"skip":true},{"start":{"line":70,"column":12},"end":{"line":70,"column":12},"skip":true}]},"8":{"line":70,"type":"binary-expr","locations":[{"start":{"line":70,"column":16},"end":{"line":70,"column":22},"skip":true},{"start":{"line":70,"column":27},"end":{"line":70,"column":32},"skip":true},{"start":{"line":71,"column":20},"end":{"line":71,"column":39},"skip":true},{"start":{"line":72,"column":20},"end":{"line":72,"column":49},"skip":true},{"start":{"line":73,"column":20},"end":{"line":73,"column":58},"skip":true},{"start":{"line":74,"column":20},"end":{"line":74,"column":69},"skip":true}]},"9":{"line":79,"type":"switch","locations":[{"start":{"line":80,"column":20},"end":{"line":80,"column":33},"skip":true},{"start":{"line":81,"column":20},"end":{"line":83,"column":30},"skip":true},{"start":{"line":84,"column":20},"end":{"line":85,"column":49},"skip":true}]},"10":{"line":89,"type":"switch","locations":[{"start":{"line":90,"column":12},"end":{"line":103,"column":22},"skip":true},{"start":{"line":105,"column":12},"end":{"line":106,"column":22},"skip":true}]},"11":{"line":89,"type":"binary-expr","locations":[{"start":{"line":89,"column":20},"end":{"line":89,"column":25},"skip":true},{"start":{"line":89,"column":29},"end":{"line":89,"column":48},"skip":true},{"start":{"line":89,"column":52},"end":{"line":89,"column":74},"skip":true}]},"12":{"line":92,"type":"if","locations":[{"start":{"line":92,"column":16},"end":{"line":92,"column":16},"skip":true},{"start":{"line":92,"column":16},"end":{"line":92,"column":16},"skip":true}]},"13":{"line":108,"type":"if","locations":[{"start":{"line":108,"column":12},"end":{"line":108,"column":12},"skip":true},{"start":{"line":108,"column":12},"end":{"line":108,"column":12},"skip":true}]},"14":{"line":108,"type":"binary-expr","locations":[{"start":{"line":108,"column":16},"end":{"line":108,"column":61},"skip":true},{"start":{"line":108,"column":66},"end":{"line":108,"column":72},"skip":true},{"start":{"line":108,"column":77},"end":{"line":108,"column":82},"skip":true},{"start":{"line":109,"column":20},"end":{"line":109,"column":39},"skip":true},{"start":{"line":110,"column":20},"end":{"line":110,"column":49},"skip":true},{"start":{"line":111,"column":20},"end":{"line":111,"column":58},"skip":true},{"start":{"line":112,"column":20},"end":{"line":112,"column":68},"skip":true}]},"15":{"line":129,"type":"if","locations":[{"start":{"line":129,"column":16},"end":{"line":129,"column":16},"skip":true},{"start":{"line":129,"column":16},"end":{"line":129,"column":16},"skip":true}]},"16":{"line":134,"type":"cond-expr","locations":[{"start":{"line":135,"column":26},"end":{"line":135,"column":29},"skip":true},{"start":{"line":136,"column":26},"end":{"line":136,"column":54},"skip":true}]},"17":{"line":164,"type":"binary-expr","locations":[{"start":{"line":164,"column":27},"end":{"line":164,"column":43},"skip":true},{"start":{"line":164,"column":47},"end":{"line":164,"column":49},"skip":true}]},"18":{"line":258,"type":"if","locations":[{"start":{"line":258,"column":8},"end":{"line":258,"column":8},"skip":true},{"start":{"line":258,"column":8},"end":{"line":258,"column":8},"skip":true}]},"19":{"line":275,"type":"switch","locations":[{"start":{"line":276,"column":20},"end":{"line":277,"column":64},"skip":true},{"start":{"line":278,"column":20},"end":{"line":279,"column":40},"skip":true},{"start":{"line":280,"column":20},"end":{"line":281,"column":40},"skip":true},{"start":{"line":282,"column":20},"end":{"line":283,"column":39},"skip":true}]},"20":{"line":288,"type":"if","locations":[{"start":{"line":288,"column":8},"end":{"line":288,"column":8},"skip":true},{"start":{"line":288,"column":8},"end":{"line":288,"column":8},"skip":true}]},"21":{"line":288,"type":"binary-expr","locations":[{"start":{"line":288,"column":12},"end":{"line":288,"column":40},"skip":true},{"start":{"line":288,"column":44},"end":{"line":288,"column":67},"skip":true}]},"22":{"line":292,"type":"binary-expr","locations":[{"start":{"line":292,"column":12},"end":{"line":292,"column":50},"skip":true},{"start":{"line":293,"column":12},"end":{"line":293,"column":53},"skip":true}]},"23":{"line":297,"type":"binary-expr","locations":[{"start":{"line":297,"column":12},"end":{"line":297,"column":63},"skip":true},{"start":{"line":298,"column":12},"end":{"line":301,"column":36},"skip":true}]},"24":{"line":303,"type":"binary-expr","locations":[{"start":{"line":303,"column":43},"end":{"line":303,"column":75},"skip":true},{"start":{"line":303,"column":79},"end":{"line":303,"column":81},"skip":true}]},"25":{"line":306,"type":"if","locations":[{"start":{"line":306,"column":8},"end":{"line":306,"column":8},"skip":true},{"start":{"line":306,"column":8},"end":{"line":306,"column":8},"skip":true}]},"26":{"line":310,"type":"if","locations":[{"start":{"line":310,"column":8},"end":{"line":310,"column":8},"skip":true},{"start":{"line":310,"column":8},"end":{"line":310,"column":8},"skip":true}]},"27":{"line":313,"type":"binary-expr","locations":[{"start":{"line":313,"column":27},"end":{"line":313,"column":43},"skip":true},{"start":{"line":313,"column":47},"end":{"line":313,"column":53},"skip":true}]},"28":{"line":317,"type":"if","locations":[{"start":{"line":317,"column":12},"end":{"line":317,"column":12},"skip":true},{"start":{"line":317,"column":12},"end":{"line":317,"column":12},"skip":true}]}},"code":["/*","example.js","","quickstart example","","instruction","    1. save this script as example.js","    2. run the shell command:","        $ npm install npmtest-sharp && PORT=8081 node example.js","    3. play with the browser-demo on http://127.0.0.1:8081","*/","","","","/* istanbul instrument in package npmtest_sharp */","/*jslint","    bitwise: true,","    browser: true,","    maxerr: 8,","    maxlen: 96,","    node: true,","    nomen: true,","    regexp: true,","    stupid: true","*/","(function () {","    'use strict';","    var local;","","","","    // run shared js-env code - pre-init","    (function () {","        // init local","        local = {};","        // init modeJs","        local.modeJs = (function () {","            try {","                return typeof navigator.userAgent === 'string' &&","                    typeof document.querySelector('body') === 'object' &&","                    typeof XMLHttpRequest.prototype.open === 'function' &&","                    'browser';","            } catch (errorCaughtBrowser) {","                return module.exports &&","                    typeof process.versions.node === 'string' &&","                    typeof require('http').createServer === 'function' &&","                    'node';","            }","        }());","        // init global","        local.global = local.modeJs === 'browser'","            ? window","            : global;","        // init utility2_rollup","        local = local.global.utility2_rollup || (local.modeJs === 'browser'","            ? local.global.utility2_npmtest_sharp","            : global.utility2_moduleExports);","        // export local","        local.global.local = local;","    }());","    switch (local.modeJs) {","","","","    // post-init","    // run browser js-env code - post-init","    /* istanbul ignore next */","    case 'browser':","        local.testRunBrowser = function (event) {","            if (!event || (event &&","                    event.currentTarget &&","                    event.currentTarget.className &&","                    event.currentTarget.className.includes &&","                    event.currentTarget.className.includes('onreset'))) {","                // reset output","                Array.from(","                    document.querySelectorAll('body > .resettable')","                ).forEach(function (element) {","                    switch (element.tagName) {","                    case 'INPUT':","                    case 'TEXTAREA':","                        element.value = '';","                        break;","                    default:","                        element.textContent = '';","                    }","                });","            }","            switch (event && event.currentTarget && event.currentTarget.id) {","            case 'testRunButton1':","                // show tests","                if (document.querySelector('#testReportDiv1').style.display === 'none') {","                    document.querySelector('#testReportDiv1').style.display = 'block';","                    document.querySelector('#testRunButton1').textContent =","                        'hide internal test';","                    local.modeTest = true;","                    local.testRunDefault(local);","                // hide tests","                } else {","                    document.querySelector('#testReportDiv1').style.display = 'none';","                    document.querySelector('#testRunButton1').textContent = 'run internal test';","                }","                break;","            // custom-case","            default:","                break;","            }","            if (document.querySelector('#inputTextareaEval1') && (!event || (event &&","                    event.currentTarget &&","                    event.currentTarget.className &&","                    event.currentTarget.className.includes &&","                    event.currentTarget.className.includes('oneval')))) {","                // try to eval input-code","                try {","                    /*jslint evil: true*/","                    eval(document.querySelector('#inputTextareaEval1').value);","                } catch (errorCaught) {","                    console.error(errorCaught);","                }","            }","        };","        // log stderr and stdout to #outputTextareaStdout1","        ['error', 'log'].forEach(function (key) {","            console[key + '_original'] = console[key];","            console[key] = function () {","                var element;","                console[key + '_original'].apply(console, arguments);","                element = document.querySelector('#outputTextareaStdout1');","                if (!element) {","                    return;","                }","                // append text to #outputTextareaStdout1","                element.value += Array.from(arguments).map(function (arg) {","                    return typeof arg === 'string'","                        ? arg","                        : JSON.stringify(arg, null, 4);","                }).join(' ') + '\\n';","                // scroll textarea to bottom","                element.scrollTop = element.scrollHeight;","            };","        });","        // init event-handling","        ['change', 'click', 'keyup'].forEach(function (event) {","            Array.from(document.querySelectorAll('.on' + event)).forEach(function (element) {","                element.addEventListener(event, local.testRunBrowser);","            });","        });","        // run tests","        local.testRunBrowser();","        break;","","","","    // run node js-env code - post-init","    /* istanbul ignore next */","    case 'node':","        // export local","        module.exports = local;","        // require modules","        local.fs = require('fs');","        local.http = require('http');","        local.url = require('url');","        // init assets","        local.assetsDict = local.assetsDict || {};","        /* jslint-ignore-begin */","        local.assetsDict['/assets.index.template.html'] = '\\","<!doctype html>\\n\\","<html lang=\"en\">\\n\\","<head>\\n\\","<meta charset=\"UTF-8\">\\n\\","<meta name=\"viewport\" content=\"width=device-width, initial-scale=1\">\\n\\","<title>{{env.npm_package_name}} (v{{env.npm_package_version}})</title>\\n\\","<style>\\n\\","/*csslint\\n\\","    box-sizing: false,\\n\\","    universal-selector: false\\n\\","*/\\n\\","* {\\n\\","    box-sizing: border-box;\\n\\","}\\n\\","body {\\n\\","    background: #dde;\\n\\","    font-family: Arial, Helvetica, sans-serif;\\n\\","    margin: 2rem;\\n\\","}\\n\\","body > * {\\n\\","    margin-bottom: 1rem;\\n\\","}\\n\\",".utility2FooterDiv {\\n\\","    margin-top: 20px;\\n\\","    text-align: center;\\n\\","}\\n\\","</style>\\n\\","<style>\\n\\","/*csslint\\n\\","*/\\n\\","textarea {\\n\\","    font-family: monospace;\\n\\","    height: 10rem;\\n\\","    width: 100%;\\n\\","}\\n\\","textarea[readonly] {\\n\\","    background: #ddd;\\n\\","}\\n\\","</style>\\n\\","</head>\\n\\","<body>\\n\\","<!-- utility2-comment\\n\\","<div id=\"ajaxProgressDiv1\" style=\"background: #d00; height: 2px; left: 0; margin: 0; padding: 0; position: fixed; top: 0; transition: background 0.5s, width 1.5s; width: 25%;\"></div>\\n\\","utility2-comment -->\\n\\","<h1>\\n\\","<!-- utility2-comment\\n\\","    <a\\n\\","        {{#if env.npm_package_homepage}}\\n\\","        href=\"{{env.npm_package_homepage}}\"\\n\\","        {{/if env.npm_package_homepage}}\\n\\","        target=\"_blank\"\\n\\","    >\\n\\","utility2-comment -->\\n\\","        {{env.npm_package_name}} (v{{env.npm_package_version}})\\n\\","<!-- utility2-comment\\n\\","    </a>\\n\\","utility2-comment -->\\n\\","</h1>\\n\\","<h3>{{env.npm_package_description}}</h3>\\n\\","<!-- utility2-comment\\n\\","<h4><a download href=\"assets.app.js\">download standalone app</a></h4>\\n\\","<button class=\"onclick onreset\" id=\"testRunButton1\">run internal test</button><br>\\n\\","<div id=\"testReportDiv1\" style=\"display: none;\"></div>\\n\\","utility2-comment -->\\n\\","\\n\\","\\n\\","\\n\\","<label>stderr and stdout</label>\\n\\","<textarea class=\"resettable\" id=\"outputTextareaStdout1\" readonly></textarea>\\n\\","<!-- utility2-comment\\n\\","{{#if isRollup}}\\n\\","<script src=\"assets.app.js\"></script>\\n\\","{{#unless isRollup}}\\n\\","utility2-comment -->\\n\\","<script src=\"assets.utility2.rollup.js\"></script>\\n\\","<script src=\"jsonp.utility2._stateInit?callback=window.utility2._stateInit\"></script>\\n\\","<script src=\"assets.npmtest_sharp.rollup.js\"></script>\\n\\","<script src=\"assets.example.js\"></script>\\n\\","<script src=\"assets.test.js\"></script>\\n\\","<!-- utility2-comment\\n\\","{{/if isRollup}}\\n\\","utility2-comment -->\\n\\","<div class=\"utility2FooterDiv\">\\n\\","    [ this app was created with\\n\\","    <a href=\"https://github.com/kaizhu256/node-utility2\" target=\"_blank\">utility2</a>\\n\\","    ]\\n\\","</div>\\n\\","</body>\\n\\","</html>\\n\\","';","        /* jslint-ignore-end */","        if (local.templateRender) {","            local.assetsDict['/'] = local.templateRender(","                local.assetsDict['/assets.index.template.html'],","                {","                    env: local.objectSetDefault(local.env, {","                        npm_package_description: 'the greatest app in the world!',","                        npm_package_name: 'my-app',","                        npm_package_nameAlias: 'my_app',","                        npm_package_version: '0.0.1'","                    })","                }","            );","        } else {","            local.assetsDict['/'] = local.assetsDict['/assets.index.template.html']","                .replace((/\\{\\{env\\.(\\w+?)\\}\\}/g), function (match0, match1) {","                    // jslint-hack","                    String(match0);","                    switch (match1) {","                    case 'npm_package_description':","                        return 'the greatest app in the world!';","                    case 'npm_package_name':","                        return 'my-app';","                    case 'npm_package_nameAlias':","                        return 'my_app';","                    case 'npm_package_version':","                        return '0.0.1';","                    }","                });","        }","        // run the cli","        if (local.global.utility2_rollup || module !== require.main) {","            break;","        }","        local.assetsDict['/assets.example.js'] =","            local.assetsDict['/assets.example.js'] ||","            local.fs.readFileSync(__filename, 'utf8');","        // bug-workaround - long $npm_package_buildCustomOrg","        /* jslint-ignore-begin */","        local.assetsDict['/assets.npmtest_sharp.rollup.js'] =","            local.assetsDict['/assets.npmtest_sharp.rollup.js'] ||","            local.fs.readFileSync(","                local.npmtest_sharp.__dirname + '/lib.npmtest_sharp.js',","                'utf8'","            ).replace((/^#!/), '//');","        /* jslint-ignore-end */","        local.assetsDict['/favicon.ico'] = local.assetsDict['/favicon.ico'] || '';","        // if $npm_config_timeout_exit exists,","        // then exit this process after $npm_config_timeout_exit ms","        if (Number(process.env.npm_config_timeout_exit)) {","            setTimeout(process.exit, Number(process.env.npm_config_timeout_exit));","        }","        // start server","        if (local.global.utility2_serverHttp1) {","            break;","        }","        process.env.PORT = process.env.PORT || '8081';","        console.error('server starting on port ' + process.env.PORT);","        local.http.createServer(function (request, response) {","            request.urlParsed = local.url.parse(request.url);","            if (local.assetsDict[request.urlParsed.pathname] !== undefined) {","                response.end(local.assetsDict[request.urlParsed.pathname]);","                return;","            }","            response.statusCode = 404;","            response.end();","        }).listen(process.env.PORT);","        break;","    }","}());",""],"l":{"26":2,"28":2,"33":2,"35":2,"37":2,"38":2,"39":2,"44":1,"51":2,"55":2,"59":2,"61":2,"69":1,"70":2,"76":2,"79":2,"82":2,"83":2,"85":1,"89":2,"92":1,"93":1,"94":1,"96":1,"97":1,"100":1,"101":1,"103":1,"106":1,"108":2,"114":1,"116":1,"118":1,"123":1,"124":2,"125":2,"126":3,"127":3,"128":3,"129":3,"130":1,"133":3,"134":3,"139":3,"143":1,"144":3,"145":1,"149":1,"150":1,"158":1,"160":1,"161":1,"162":1,"164":1,"166":1,"258":1,"259":1,"271":1,"274":6,"275":6,"277":1,"279":2,"281":1,"283":2,"288":1,"289":1,"291":1,"296":1,"303":1,"306":1,"307":1,"310":1,"311":1,"313":1,"314":1,"315":1,"316":1,"317":1,"318":1,"319":1,"321":1,"322":1,"324":1}},"/home/travis/build/npmtest/node-npmtest-sharp/node_modules/sharp/lib/index.js":{"path":"/home/travis/build/npmtest/node-npmtest-sharp/node_modules/sharp/lib/index.js","s":{"1":1,"2":1,"3":8,"4":1},"b":{},"f":{"1":8},"fnMap":{"1":{"name":"(anonymous_1)","line":13,"loc":{"start":{"line":13,"column":10},"end":{"line":13,"column":31}}}},"statementMap":{"1":{"start":{"line":3,"column":0},"end":{"line":3,"column":39}},"2":{"start":{"line":4,"column":0},"end":{"line":15,"column":3}},"3":{"start":{"line":14,"column":2},"end":{"line":14,"column":35}},"4":{"start":{"line":17,"column":0},"end":{"line":17,"column":23}}},"branchMap":{},"code":["'use strict';","","const Sharp = require('./constructor');","[","  'input',","  'resize',","  'composite',","  'operation',","  'colour',","  'channel',","  'output',","  'utility'","].forEach(function (decorator) {","  require('./' + decorator)(Sharp);","});","","module.exports = Sharp;",""],"l":{"3":1,"4":1,"14":8,"17":1}},"/home/travis/build/npmtest/node-npmtest-sharp/node_modules/sharp/lib/constructor.js":{"path":"/home/travis/build/npmtest/node-npmtest-sharp/node_modules/sharp/lib/constructor.js","s":{"1":1,"2":1,"3":1,"4":1,"5":1,"6":1,"7":1,"8":1,"9":1,"10":1,"11":0,"12":1,"13":1,"14":1,"15":0,"16":0,"17":0,"18":0,"19":0,"20":0,"21":0,"22":1,"23":1,"24":1,"25":1,"26":1,"27":1,"28":1,"29":1},"b":{"1":[0,1],"2":[0,0]},"f":{"1":1,"2":0,"3":0},"fnMap":{"1":{"name":"(anonymous_1)","line":14,"loc":{"start":{"line":14,"column":1},"end":{"line":14,"column":13}}},"2":{"name":"(anonymous_2)","line":89,"loc":{"start":{"line":89,"column":14},"end":{"line":89,"column":40}}},"3":{"name":"(anonymous_3)","line":177,"loc":{"start":{"line":177,"column":19},"end":{"line":177,"column":42}}}},"statementMap":{"1":{"start":{"line":3,"column":0},"end":{"line":3,"column":29}},"2":{"start":{"line":4,"column":0},"end":{"line":4,"column":29}},"3":{"start":{"line":5,"column":0},"end":{"line":5,"column":33}},"4":{"start":{"line":6,"column":0},"end":{"line":6,"column":33}},"5":{"start":{"line":7,"column":0},"end":{"line":7,"column":33}},"6":{"start":{"line":8,"column":0},"end":{"line":8,"column":53}},"7":{"start":{"line":11,"column":0},"end":{"line":13,"column":2}},"8":{"start":{"line":14,"column":0},"end":{"line":25,"column":5}},"9":{"start":{"line":16,"column":2},"end":{"line":16,"column":70}},"10":{"start":{"line":18,"column":2},"end":{"line":20,"column":3}},"11":{"start":{"line":19,"column":4},"end":{"line":19,"column":101},"skip":true},"12":{"start":{"line":22,"column":2},"end":{"line":24,"column":18}},"13":{"start":{"line":23,"column":4},"end":{"line":23,"column":54}},"14":{"start":{"line":89,"column":0},"end":{"line":183,"column":2}},"15":{"start":{"line":90,"column":2},"end":{"line":92,"column":3}},"16":{"start":{"line":91,"column":4},"end":{"line":91,"column":37}},"17":{"start":{"line":93,"column":2},"end":{"line":93,"column":27}},"18":{"start":{"line":94,"column":2},"end":{"line":180,"column":4}},"19":{"start":{"line":178,"column":6},"end":{"line":178,"column":40}},"20":{"start":{"line":181,"column":2},"end":{"line":181,"column":90}},"21":{"start":{"line":182,"column":2},"end":{"line":182,"column":14}},"22":{"start":{"line":184,"column":0},"end":{"line":184,"column":36}},"23":{"start":{"line":191,"column":0},"end":{"line":195,"column":2}},"24":{"start":{"line":196,"column":0},"end":{"line":196,"column":24}},"25":{"start":{"line":208,"column":0},"end":{"line":208,"column":40}},"26":{"start":{"line":209,"column":0},"end":{"line":209,"column":20}},"27":{"start":{"line":217,"column":0},"end":{"line":217,"column":30}},"28":{"start":{"line":225,"column":0},"end":{"line":225,"column":26}},"29":{"start":{"line":231,"column":0},"end":{"line":231,"column":23}}},"branchMap":{"1":{"line":18,"type":"if","locations":[{"start":{"line":18,"column":2},"end":{"line":18,"column":2},"skip":true},{"start":{"line":18,"column":2},"end":{"line":18,"column":2}}]},"2":{"line":90,"type":"if","locations":[{"start":{"line":90,"column":2},"end":{"line":90,"column":2}},{"start":{"line":90,"column":2},"end":{"line":90,"column":2}}]}},"code":["'use strict';","","const path = require('path');","const util = require('util');","const stream = require('stream');","const events = require('events');","const semver = require('semver');","const sharp = require('../build/Release/sharp.node');","","// Versioning","let versions = {","  vips: sharp.libvipsVersion()","};","(function () {","  // Does libvips meet minimum requirement?","  const libvipsVersionMin = require('../package.json').config.libvips;","  /* istanbul ignore if */","  if (semver.lt(versions.vips, libvipsVersionMin)) {","    throw new Error('Found libvips ' + versions.vips + ' but require at least ' + libvipsVersionMin);","  }","  // Include versions of dependencies, if present","  try {","    versions = require('../vendor/lib/versions.json');","  } catch (err) {}","})();","","/**"," * @class Sharp"," *"," * Constructor factory to create an instance of `sharp`, to which further methods are chained."," *"," * JPEG, PNG or WebP format image data can be streamed out from this object."," * When using Stream based output, derived attributes are available from the `info` event."," *"," * Implements the [stream.Duplex](http://nodejs.org/api/stream.html#stream_class_stream_duplex) class."," *"," * @example"," * sharp('input.jpg')"," *   .resize(300, 200)"," *   .toFile('output.jpg', function(err) {"," *     // output.jpg is a 300 pixels wide and 200 pixels high image"," *     // containing a scaled and cropped version of input.jpg"," *   });"," *"," * @example"," * // Read image data from readableStream,"," * // resize to 300 pixels wide,"," * // emit an 'info' event with calculated dimensions"," * // and finally write image data to writableStream"," * var transformer = sharp()"," *   .resize(300)"," *   .on('info', function(info) {"," *     console.log('Image height is ' + info.height);"," *   });"," * readableStream.pipe(transformer).pipe(writableStream);"," *"," * @example"," * // Create a blank 300x200 PNG image of semi-transluent red pixels"," * sharp(null, {"," *   create: {"," *     width: 300,"," *     height: 200,"," *     channels: 4,"," *     background: { r: 255, g: 0, b: 0, alpha: 128 }"," *   }"," * })"," * .png()"," * .toBuffer()"," * .then( ... );"," *"," * @param {(Buffer|String)} [input] - if present, can be"," *  a Buffer containing JPEG, PNG, WebP, GIF, SVG, TIFF or raw pixel image data, or"," *  a String containing the path to an JPEG, PNG, WebP, GIF, SVG or TIFF image file."," *  JPEG, PNG, WebP, GIF, SVG, TIFF or raw pixel image data can be streamed into the object when null or undefined."," * @param {Object} [options] - if present, is an Object with optional attributes."," * @param {Number} [options.density=72] - integral number representing the DPI for vector images."," * @param {Object} [options.raw] - describes raw pixel input image data. See `raw()` for pixel ordering."," * @param {Number} [options.raw.width]"," * @param {Number} [options.raw.height]"," * @param {Number} [options.raw.channels] - 1-4"," * @param {Object} [options.create] - describes a new image to be created."," * @param {Number} [options.create.width]"," * @param {Number} [options.create.height]"," * @param {Number} [options.create.channels] - 3-4"," * @param {String|Object} [options.create.background] - parsed by the [color](https://www.npmjs.org/package/color) module to extract values for red, green, blue and alpha."," * @returns {Sharp}"," * @throws {Error} Invalid parameters"," */","const Sharp = function (input, options) {","  if (!(this instanceof Sharp)) {","    return new Sharp(input, options);","  }","  stream.Duplex.call(this);","  this.options = {","    // input options","    sequentialRead: false,","    limitInputPixels: maximum.pixels,","    // ICC profiles","    iccProfilePath: path.join(__dirname, 'icc') + path.sep,","    // resize options","    topOffsetPre: -1,","    leftOffsetPre: -1,","    widthPre: -1,","    heightPre: -1,","    topOffsetPost: -1,","    leftOffsetPost: -1,","    widthPost: -1,","    heightPost: -1,","    width: -1,","    height: -1,","    canvas: 'crop',","    crop: 0,","    angle: 0,","    rotateBeforePreExtract: false,","    flip: false,","    flop: false,","    extendTop: 0,","    extendBottom: 0,","    extendLeft: 0,","    extendRight: 0,","    withoutEnlargement: false,","    kernel: 'lanczos3',","    interpolator: 'bicubic',","    centreSampling: false,","    // operations","    background: [0, 0, 0, 255],","    flatten: false,","    negate: false,","    blurSigma: 0,","    sharpenSigma: 0,","    sharpenFlat: 1,","    sharpenJagged: 2,","    threshold: 0,","    thresholdGrayscale: true,","    trimTolerance: 0,","    gamma: 0,","    greyscale: false,","    normalise: 0,","    booleanBufferIn: null,","    booleanFileIn: '',","    joinChannelIn: [],","    extractChannel: -1,","    colourspace: 'srgb',","    // overlay","    overlayGravity: 0,","    overlayXOffset: -1,","    overlayYOffset: -1,","    overlayTile: false,","    overlayCutout: false,","    // output","    fileOut: '',","    formatOut: 'input',","    streamOut: false,","    withMetadata: false,","    withMetadataOrientation: -1,","    resolveWithObject: false,","    // output format","    jpegQuality: 80,","    jpegProgressive: false,","    jpegChromaSubsampling: '4:2:0',","    jpegTrellisQuantisation: false,","    jpegOvershootDeringing: false,","    jpegOptimiseScans: false,","    pngProgressive: false,","    pngCompressionLevel: 6,","    pngAdaptiveFiltering: true,","    webpQuality: 80,","    webpAlphaQuality: 100,","    webpLossless: false,","    webpNearLossless: false,","    tiffQuality: 80,","    tiffCompression: 'jpeg',","    tiffPredictor: 'none',","    tileSize: 256,","    tileOverlap: 0,","    // Function to notify of queue length changes","    queueListener: function (queueLength) {","      queue.emit('change', queueLength);","    }","  };","  this.options.input = this._createInputDescriptor(input, options, { allowStream: true });","  return this;","};","util.inherits(Sharp, stream.Duplex);","","/**"," * Pixel limits."," * @member"," * @private"," */","const maximum = {","  width: 0x3FFF,","  height: 0x3FFF,","  pixels: Math.pow(0x3FFF, 2)","};","Sharp.maximum = maximum;","","/**"," * An EventEmitter that emits a `change` event when a task is either:"," * - queued, waiting for _libuv_ to provide a worker thread"," * - complete"," * @member"," * @example"," * sharp.queue.on('change', function(queueLength) {"," *   console.log('Queue contains ' + queueLength + ' task(s)');"," * });"," */","const queue = new events.EventEmitter();","Sharp.queue = queue;","","/**"," * An Object containing nested boolean values representing the available input and output formats/methods."," * @example"," * console.log(sharp.format());"," * @returns {Object}"," */","Sharp.format = sharp.format();","","/**"," * An Object containing the version numbers of libvips and its dependencies."," * @member"," * @example"," * console.log(sharp.versions);"," */","Sharp.versions = versions;","","/**"," * Export constructor."," * @private"," */","module.exports = Sharp;",""],"l":{"3":1,"4":1,"5":1,"6":1,"7":1,"8":1,"11":1,"14":1,"16":1,"18":1,"19":1,"22":1,"23":1,"89":1,"90":0,"91":0,"93":0,"94":0,"178":0,"181":0,"182":0,"184":1,"191":1,"196":1,"208":1,"209":1,"217":1,"225":1,"231":1}},"/home/travis/build/npmtest/node-npmtest-sharp/node_modules/sharp/lib/input.js":{"path":"/home/travis/build/npmtest/node-npmtest-sharp/node_modules/sharp/lib/input.js","s":{"1":1,"2":1,"3":1,"4":1,"5":1,"6":0,"7":0,"8":0,"9":0,"10":0,"11":0,"12":0,"13":0,"14":0,"15":0,"16":0,"17":0,"18":0,"19":0,"20":0,"21":0,"22":0,"23":0,"24":0,"25":0,"26":0,"27":0,"28":0,"29":0,"30":0,"31":0,"32":0,"33":0,"34":0,"35":0,"36":0,"37":1,"38":0,"39":0,"40":0,"41":0,"42":0,"43":0,"44":0,"45":0,"46":0,"47":0,"48":1,"49":0,"50":0,"51":1,"52":0,"53":1,"54":0,"55":0,"56":0,"57":0,"58":0,"59":0,"60":0,"61":0,"62":1,"63":0,"64":0,"65":0,"66":0,"67":0,"68":0,"69":0,"70":0,"71":0,"72":0,"73":0,"74":0,"75":0,"76":0,"77":0,"78":0,"79":0,"80":0,"81":0,"82":0,"83":0,"84":1,"85":0,"86":0,"87":0,"88":0,"89":0,"90":0,"91":0,"92":0,"93":1,"94":0,"95":0,"96":1,"97":1,"98":8},"b":{"1":[0,0],"2":[0,0],"3":[0,0],"4":[0,0,0],"5":[0,0],"6":[0,0],"7":[0,0],"8":[0,0],"9":[0,0],"10":[0,0],"11":[0,0,0,0,0,0,0],"12":[0,0],"13":[0,0],"14":[0,0,0,0,0,0,0,0],"15":[0,0],"16":[0,0],"17":[0,0],"18":[0,0],"19":[0,0],"20":[0,0],"21":[0,0],"22":[0,0],"23":[0,0],"24":[0,0],"25":[0,0],"26":[0,0],"27":[0,0],"28":[0,0],"29":[0,0]},"f":{"1":0,"2":0,"3":0,"4":0,"5":0,"6":0,"7":0,"8":0,"9":0,"10":0,"11":0,"12":0,"13":0,"14":0,"15":0,"16":0,"17":1,"18":8},"fnMap":{"1":{"name":"_createInputDescriptor","line":12,"loc":{"start":{"line":12,"column":0},"end":{"line":12,"column":72}}},"2":{"name":"_write","line":87,"loc":{"start":{"line":87,"column":0},"end":{"line":87,"column":44}}},"3":{"name":"(anonymous_3)","line":94,"loc":{"start":{"line":94,"column":26},"end":{"line":94,"column":38}}},"4":{"name":"_flattenBufferIn","line":112,"loc":{"start":{"line":112,"column":0},"end":{"line":112,"column":29}}},"5":{"name":"_isStreamInput","line":123,"loc":{"start":{"line":123,"column":0},"end":{"line":123,"column":27}}},"6":{"name":"clone","line":142,"loc":{"start":{"line":142,"column":0},"end":{"line":142,"column":18}}},"7":{"name":"(anonymous_7)","line":148,"loc":{"start":{"line":148,"column":20},"end":{"line":148,"column":32}}},"8":{"name":"metadata","line":190,"loc":{"start":{"line":190,"column":0},"end":{"line":190,"column":29}}},"9":{"name":"(anonymous_9)","line":194,"loc":{"start":{"line":194,"column":24},"end":{"line":194,"column":36}}},"10":{"name":"(anonymous_10)","line":204,"loc":{"start":{"line":204,"column":25},"end":{"line":204,"column":52}}},"11":{"name":"(anonymous_11)","line":205,"loc":{"start":{"line":205,"column":26},"end":{"line":205,"column":38}}},"12":{"name":"(anonymous_12)","line":207,"loc":{"start":{"line":207,"column":39},"end":{"line":207,"column":64}}},"13":{"name":"(anonymous_13)","line":217,"loc":{"start":{"line":217,"column":25},"end":{"line":217,"column":52}}},"14":{"name":"(anonymous_14)","line":218,"loc":{"start":{"line":218,"column":37},"end":{"line":218,"column":62}}},"15":{"name":"limitInputPixels","line":238,"loc":{"start":{"line":238,"column":0},"end":{"line":238,"column":34}}},"16":{"name":"sequentialRead","line":259,"loc":{"start":{"line":259,"column":0},"end":{"line":259,"column":41}}},"17":{"name":"(anonymous_17)","line":268,"loc":{"start":{"line":268,"column":17},"end":{"line":268,"column":34}}},"18":{"name":"(anonymous_18)","line":280,"loc":{"start":{"line":280,"column":12},"end":{"line":280,"column":25}}}},"statementMap":{"1":{"start":{"line":3,"column":0},"end":{"line":3,"column":29}},"2":{"start":{"line":4,"column":0},"end":{"line":4,"column":31}},"3":{"start":{"line":5,"column":0},"end":{"line":5,"column":27}},"4":{"start":{"line":6,"column":0},"end":{"line":6,"column":53}},"5":{"start":{"line":12,"column":0},"end":{"line":78,"column":1}},"6":{"start":{"line":13,"column":2},"end":{"line":13,"column":29}},"7":{"start":{"line":14,"column":2},"end":{"line":25,"column":3}},"8":{"start":{"line":16,"column":4},"end":{"line":16,"column":33}},"9":{"start":{"line":17,"column":9},"end":{"line":25,"column":3}},"10":{"start":{"line":19,"column":4},"end":{"line":19,"column":35}},"11":{"start":{"line":20,"column":9},"end":{"line":25,"column":3}},"12":{"start":{"line":22,"column":4},"end":{"line":22,"column":32}},"13":{"start":{"line":24,"column":4},"end":{"line":24,"column":57}},"14":{"start":{"line":26,"column":2},"end":{"line":76,"column":3}},"15":{"start":{"line":28,"column":4},"end":{"line":34,"column":5}},"16":{"start":{"line":29,"column":6},"end":{"line":33,"column":7}},"17":{"start":{"line":30,"column":8},"end":{"line":30,"column":55}},"18":{"start":{"line":32,"column":8},"end":{"line":32,"column":79}},"19":{"start":{"line":36,"column":4},"end":{"line":49,"column":5}},"20":{"start":{"line":37,"column":6},"end":{"line":48,"column":7}},"21":{"start":{"line":43,"column":8},"end":{"line":43,"column":58}},"22":{"start":{"line":44,"column":8},"end":{"line":44,"column":60}},"23":{"start":{"line":45,"column":8},"end":{"line":45,"column":64}},"24":{"start":{"line":47,"column":8},"end":{"line":47,"column":83}},"25":{"start":{"line":51,"column":4},"end":{"line":73,"column":5}},"26":{"start":{"line":52,"column":6},"end":{"line":72,"column":7}},"27":{"start":{"line":59,"column":8},"end":{"line":59,"column":64}},"28":{"start":{"line":60,"column":8},"end":{"line":60,"column":66}},"29":{"start":{"line":61,"column":8},"end":{"line":61,"column":70}},"30":{"start":{"line":62,"column":8},"end":{"line":62,"column":65}},"31":{"start":{"line":63,"column":8},"end":{"line":68,"column":10}},"32":{"start":{"line":69,"column":8},"end":{"line":69,"column":38}},"33":{"start":{"line":71,"column":8},"end":{"line":71,"column":103}},"34":{"start":{"line":74,"column":9},"end":{"line":76,"column":3}},"35":{"start":{"line":75,"column":4},"end":{"line":75,"column":61}},"36":{"start":{"line":77,"column":2},"end":{"line":77,"column":25}},"37":{"start":{"line":87,"column":0},"end":{"line":106,"column":1}},"38":{"start":{"line":89,"column":2},"end":{"line":105,"column":3}},"39":{"start":{"line":91,"column":4},"end":{"line":102,"column":5}},"40":{"start":{"line":92,"column":6},"end":{"line":97,"column":7}},"41":{"start":{"line":93,"column":8},"end":{"line":93,"column":26}},"42":{"start":{"line":94,"column":8},"end":{"line":96,"column":11}},"43":{"start":{"line":95,"column":10},"end":{"line":95,"column":39}},"44":{"start":{"line":98,"column":6},"end":{"line":98,"column":44}},"45":{"start":{"line":99,"column":6},"end":{"line":99,"column":17}},"46":{"start":{"line":101,"column":6},"end":{"line":101,"column":64},"skip":true},"47":{"start":{"line":104,"column":4},"end":{"line":104,"column":62},"skip":true},"48":{"start":{"line":112,"column":0},"end":{"line":116,"column":1}},"49":{"start":{"line":113,"column":2},"end":{"line":115,"column":3}},"50":{"start":{"line":114,"column":4},"end":{"line":114,"column":73}},"51":{"start":{"line":123,"column":0},"end":{"line":125,"column":1}},"52":{"start":{"line":124,"column":2},"end":{"line":124,"column":50}},"53":{"start":{"line":142,"column":0},"end":{"line":155,"column":1}},"54":{"start":{"line":143,"column":2},"end":{"line":143,"column":20}},"55":{"start":{"line":145,"column":2},"end":{"line":145,"column":40}},"56":{"start":{"line":146,"column":2},"end":{"line":146,"column":44}},"57":{"start":{"line":148,"column":2},"end":{"line":153,"column":5}},"58":{"start":{"line":150,"column":4},"end":{"line":150,"column":28}},"59":{"start":{"line":151,"column":4},"end":{"line":151,"column":51}},"60":{"start":{"line":152,"column":4},"end":{"line":152,"column":25}},"61":{"start":{"line":154,"column":2},"end":{"line":154,"column":15}},"62":{"start":{"line":190,"column":0},"end":{"line":228,"column":1}},"63":{"start":{"line":191,"column":2},"end":{"line":191,"column":20}},"64":{"start":{"line":192,"column":2},"end":{"line":227,"column":3}},"65":{"start":{"line":193,"column":4},"end":{"line":200,"column":5}},"66":{"start":{"line":194,"column":6},"end":{"line":197,"column":9}},"67":{"start":{"line":195,"column":8},"end":{"line":195,"column":32}},"68":{"start":{"line":196,"column":8},"end":{"line":196,"column":47}},"69":{"start":{"line":199,"column":6},"end":{"line":199,"column":45}},"70":{"start":{"line":201,"column":4},"end":{"line":201,"column":16}},"71":{"start":{"line":203,"column":4},"end":{"line":226,"column":5}},"72":{"start":{"line":204,"column":6},"end":{"line":215,"column":9}},"73":{"start":{"line":205,"column":8},"end":{"line":214,"column":11}},"74":{"start":{"line":206,"column":10},"end":{"line":206,"column":34}},"75":{"start":{"line":207,"column":10},"end":{"line":213,"column":13}},"76":{"start":{"line":208,"column":12},"end":{"line":212,"column":13}},"77":{"start":{"line":209,"column":14},"end":{"line":209,"column":26}},"78":{"start":{"line":211,"column":14},"end":{"line":211,"column":32}},"79":{"start":{"line":217,"column":6},"end":{"line":225,"column":9}},"80":{"start":{"line":218,"column":8},"end":{"line":224,"column":11}},"81":{"start":{"line":219,"column":10},"end":{"line":223,"column":11}},"82":{"start":{"line":220,"column":12},"end":{"line":220,"column":24}},"83":{"start":{"line":222,"column":12},"end":{"line":222,"column":30}},"84":{"start":{"line":238,"column":0},"end":{"line":251,"column":1}},"85":{"start":{"line":240,"column":2},"end":{"line":244,"column":3}},"86":{"start":{"line":241,"column":4},"end":{"line":241,"column":14}},"87":{"start":{"line":242,"column":9},"end":{"line":244,"column":3}},"88":{"start":{"line":243,"column":4},"end":{"line":243,"column":44}},"89":{"start":{"line":245,"column":2},"end":{"line":249,"column":3}},"90":{"start":{"line":246,"column":4},"end":{"line":246,"column":42}},"91":{"start":{"line":248,"column":4},"end":{"line":248,"column":99}},"92":{"start":{"line":250,"column":2},"end":{"line":250,"column":14}},"93":{"start":{"line":259,"column":0},"end":{"line":262,"column":1}},"94":{"start":{"line":260,"column":2},"end":{"line":260,"column":80}},"95":{"start":{"line":261,"column":2},"end":{"line":261,"column":14}},"96":{"start":{"line":268,"column":0},"end":{"line":283,"column":2}},"97":{"start":{"line":269,"column":2},"end":{"line":282,"column":5}},"98":{"start":{"line":281,"column":4},"end":{"line":281,"column":32}}},"branchMap":{"1":{"line":14,"type":"if","locations":[{"start":{"line":14,"column":2},"end":{"line":14,"column":2}},{"start":{"line":14,"column":2},"end":{"line":14,"column":2}}]},"2":{"line":17,"type":"if","locations":[{"start":{"line":17,"column":9},"end":{"line":17,"column":9}},{"start":{"line":17,"column":9},"end":{"line":17,"column":9}}]},"3":{"line":20,"type":"if","locations":[{"start":{"line":20,"column":9},"end":{"line":20,"column":9}},{"start":{"line":20,"column":9},"end":{"line":20,"column":9}}]},"4":{"line":20,"type":"binary-expr","locations":[{"start":{"line":20,"column":13},"end":{"line":20,"column":31}},{"start":{"line":20,"column":35},"end":{"line":20,"column":62}},{"start":{"line":20,"column":66},"end":{"line":20,"column":94}}]},"5":{"line":26,"type":"if","locations":[{"start":{"line":26,"column":2},"end":{"line":26,"column":2}},{"start":{"line":26,"column":2},"end":{"line":26,"column":2}}]},"6":{"line":28,"type":"if","locations":[{"start":{"line":28,"column":4},"end":{"line":28,"column":4}},{"start":{"line":28,"column":4},"end":{"line":28,"column":4}}]},"7":{"line":29,"type":"if","locations":[{"start":{"line":29,"column":6},"end":{"line":29,"column":6}},{"start":{"line":29,"column":6},"end":{"line":29,"column":6}}]},"8":{"line":29,"type":"binary-expr","locations":[{"start":{"line":29,"column":10},"end":{"line":29,"column":42}},{"start":{"line":29,"column":46},"end":{"line":29,"column":87}}]},"9":{"line":36,"type":"if","locations":[{"start":{"line":36,"column":4},"end":{"line":36,"column":4}},{"start":{"line":36,"column":4},"end":{"line":36,"column":4}}]},"10":{"line":37,"type":"if","locations":[{"start":{"line":37,"column":6},"end":{"line":37,"column":6}},{"start":{"line":37,"column":6},"end":{"line":37,"column":6}}]},"11":{"line":38,"type":"binary-expr","locations":[{"start":{"line":38,"column":8},"end":{"line":38,"column":35}},{"start":{"line":39,"column":8},"end":{"line":39,"column":42}},{"start":{"line":39,"column":46},"end":{"line":39,"column":115}},{"start":{"line":40,"column":8},"end":{"line":40,"column":43}},{"start":{"line":40,"column":47},"end":{"line":40,"column":118}},{"start":{"line":41,"column":8},"end":{"line":41,"column":45}},{"start":{"line":41,"column":49},"end":{"line":41,"column":92}}]},"12":{"line":51,"type":"if","locations":[{"start":{"line":51,"column":4},"end":{"line":51,"column":4}},{"start":{"line":51,"column":4},"end":{"line":51,"column":4}}]},"13":{"line":52,"type":"if","locations":[{"start":{"line":52,"column":6},"end":{"line":52,"column":6}},{"start":{"line":52,"column":6},"end":{"line":52,"column":6}}]},"14":{"line":53,"type":"binary-expr","locations":[{"start":{"line":53,"column":8},"end":{"line":53,"column":38}},{"start":{"line":54,"column":8},"end":{"line":54,"column":45}},{"start":{"line":54,"column":49},"end":{"line":54,"column":121}},{"start":{"line":55,"column":8},"end":{"line":55,"column":46}},{"start":{"line":55,"column":50},"end":{"line":55,"column":124}},{"start":{"line":56,"column":8},"end":{"line":56,"column":48}},{"start":{"line":56,"column":52},"end":{"line":56,"column":98}},{"start":{"line":57,"column":8},"end":{"line":57,"column":50}}]},"15":{"line":74,"type":"if","locations":[{"start":{"line":74,"column":9},"end":{"line":74,"column":9}},{"start":{"line":74,"column":9},"end":{"line":74,"column":9}}]},"16":{"line":89,"type":"if","locations":[{"start":{"line":89,"column":2},"end":{"line":89,"column":2}},{"start":{"line":89,"column":2},"end":{"line":89,"column":2},"skip":true}]},"17":{"line":91,"type":"if","locations":[{"start":{"line":91,"column":4},"end":{"line":91,"column":4}},{"start":{"line":91,"column":4},"end":{"line":91,"column":4},"skip":true}]},"18":{"line":92,"type":"if","locations":[{"start":{"line":92,"column":6},"end":{"line":92,"column":6}},{"start":{"line":92,"column":6},"end":{"line":92,"column":6}}]},"19":{"line":113,"type":"if","locations":[{"start":{"line":113,"column":2},"end":{"line":113,"column":2}},{"start":{"line":113,"column":2},"end":{"line":113,"column":2}}]},"20":{"line":192,"type":"if","locations":[{"start":{"line":192,"column":2},"end":{"line":192,"column":2}},{"start":{"line":192,"column":2},"end":{"line":192,"column":2}}]},"21":{"line":193,"type":"if","locations":[{"start":{"line":193,"column":4},"end":{"line":193,"column":4}},{"start":{"line":193,"column":4},"end":{"line":193,"column":4}}]},"22":{"line":203,"type":"if","locations":[{"start":{"line":203,"column":4},"end":{"line":203,"column":4}},{"start":{"line":203,"column":4},"end":{"line":203,"column":4}}]},"23":{"line":208,"type":"if","locations":[{"start":{"line":208,"column":12},"end":{"line":208,"column":12}},{"start":{"line":208,"column":12},"end":{"line":208,"column":12}}]},"24":{"line":219,"type":"if","locations":[{"start":{"line":219,"column":10},"end":{"line":219,"column":10}},{"start":{"line":219,"column":10},"end":{"line":219,"column":10}}]},"25":{"line":240,"type":"if","locations":[{"start":{"line":240,"column":2},"end":{"line":240,"column":2}},{"start":{"line":240,"column":2},"end":{"line":240,"column":2}}]},"26":{"line":242,"type":"if","locations":[{"start":{"line":242,"column":9},"end":{"line":242,"column":9}},{"start":{"line":242,"column":9},"end":{"line":242,"column":9}}]},"27":{"line":245,"type":"if","locations":[{"start":{"line":245,"column":2},"end":{"line":245,"column":2}},{"start":{"line":245,"column":2},"end":{"line":245,"column":2}}]},"28":{"line":245,"type":"binary-expr","locations":[{"start":{"line":245,"column":6},"end":{"line":245,"column":23}},{"start":{"line":245,"column":27},"end":{"line":245,"column":37}}]},"29":{"line":260,"type":"cond-expr","locations":[{"start":{"line":260,"column":58},"end":{"line":260,"column":72}},{"start":{"line":260,"column":75},"end":{"line":260,"column":79}}]}},"code":["'use strict';","","const util = require('util');","const color = require('color');","const is = require('./is');","const sharp = require('../build/Release/sharp.node');","","/**"," * Create Object containing input and input-related options."," * @private"," */","function _createInputDescriptor (input, inputOptions, containerOptions) {","  const inputDescriptor = {};","  if (is.string(input)) {","    // filesystem","    inputDescriptor.file = input;","  } else if (is.buffer(input)) {","    // Buffer","    inputDescriptor.buffer = input;","  } else if (!is.defined(input) && is.object(containerOptions) && containerOptions.allowStream) {","    // Stream","    inputDescriptor.buffer = [];","  } else {","    throw new Error('Unsupported input ' + typeof input);","  }","  if (is.object(inputOptions)) {","    // Density","    if (is.defined(inputOptions.density)) {","      if (is.integer(inputOptions.density) && is.inRange(inputOptions.density, 1, 2400)) {","        inputDescriptor.density = inputOptions.density;","      } else {","        throw new Error('Invalid density (1 to 2400) ' + inputOptions.density);","      }","    }","    // Raw pixel input","    if (is.defined(inputOptions.raw)) {","      if (","        is.object(inputOptions.raw) &&","        is.integer(inputOptions.raw.width) && is.inRange(inputOptions.raw.width, 1, this.constructor.maximum.width) &&","        is.integer(inputOptions.raw.height) && is.inRange(inputOptions.raw.height, 1, this.constructor.maximum.height) &&","        is.integer(inputOptions.raw.channels) && is.inRange(inputOptions.raw.channels, 1, 4)","      ) {","        inputDescriptor.rawWidth = inputOptions.raw.width;","        inputDescriptor.rawHeight = inputOptions.raw.height;","        inputDescriptor.rawChannels = inputOptions.raw.channels;","      } else {","        throw new Error('Expected width, height and channels for raw pixel input');","      }","    }","    // Create new image","    if (is.defined(inputOptions.create)) {","      if (","        is.object(inputOptions.create) &&","        is.integer(inputOptions.create.width) && is.inRange(inputOptions.create.width, 1, this.constructor.maximum.width) &&","        is.integer(inputOptions.create.height) && is.inRange(inputOptions.create.height, 1, this.constructor.maximum.height) &&","        is.integer(inputOptions.create.channels) && is.inRange(inputOptions.create.channels, 3, 4) &&","        is.defined(inputOptions.create.background)","      ) {","        inputDescriptor.createWidth = inputOptions.create.width;","        inputDescriptor.createHeight = inputOptions.create.height;","        inputDescriptor.createChannels = inputOptions.create.channels;","        const background = color(inputOptions.crea
[...]
"end":{"line":115,"column":5}},"21":{"start":{"line":114,"column":4},"end":{"line":114,"column":22}}},"branchMap":{"1":{"line":26,"type":"if","locations":[{"start":{"line":26,"column":2},"end":{"line":26,"column":2}},{"start":{"line":26,"column":2},"end":{"line":26,"column":2}}]},"2":{"line":27,"type":"if","locations":[{"start":{"line":27,"column":4},"end":{"line":27,"column":4}},{"start":{"line":27,"column":4},"end":{"line":27,"column":4}}]},"3":{"line":33,"type":"if","locations":[{"start":{"line":33,"column":9},"end":{"line":33,"column":9}},{"start":{"line":33,"column":9},"end":{"line":33,"column":9}}]},"4":{"line":61,"type":"cond-expr","locations":[{"start":{"line":61,"column":53},"end":{"line":61,"column":64}},{"start":{"line":61,"column":67},"end":{"line":61,"column":71}}]},"5":{"line":99,"type":"cond-expr","locations":[{"start":{"line":99,"column":36},"end":{"line":99,"column":40}},{"start":{"line":99,"column":43},"end":{"line":99,"column":47}}]}},"code":["'use strict';","","const is = require('./is');","const sharp = require('../build/Release/sharp.node');","","/**"," * Gets, or when options are provided sets, the limits of _libvips'_ operation cache."," * Existing entries in the cache will be trimmed after any change in limits."," * This method always returns cache statistics,"," * useful for determining how much working memory is required for a particular task."," *"," * @example"," * const stats = sharp.cache();"," * @example"," * sharp.cache( { items: 200 } );"," * sharp.cache( { files: 0 } );"," * sharp.cache(false);"," *"," * @param {Object|Boolean} options - Object with the following attributes, or Boolean where true uses default cache settings and false removes all caching."," * @param {Number} [options.memory=50] - is the maximum memory in MB to use for this cache"," * @param {Number} [options.files=20] - is the maximum number of files to hold open"," * @param {Number} [options.items=100] - is the maximum number of operations to cache"," * @returns {Object}"," */","function cache (options) {","  if (is.bool(options)) {","    if (options) {","      // Default cache settings of 50MB, 20 files, 100 items","      return sharp.cache(50, 20, 100);","    } else {","      return sharp.cache(0, 0, 0);","    }","  } else if (is.object(options)) {","    return sharp.cache(options.memory, options.files, options.items);","  } else {","    return sharp.cache();","  }","}","cache(true);","","/**"," * Gets, or when a concurrency is provided sets,"," * the number of threads _libvips'_ should create to process each image."," * The default value is the number of CPU cores."," * A value of `0` will reset to this default."," *"," * The maximum number of images that can be processed in parallel"," * is limited by libuv's `UV_THREADPOOL_SIZE` environment variable."," *"," * This method always returns the current concurrency."," *"," * @example"," * const threads = sharp.concurrency(); // 4"," * sharp.concurrency(2); // 2"," * sharp.concurrency(0); // 4"," *"," * @param {Number} [concurrency]"," * @returns {Number} concurrency"," */","function concurrency (concurrency) {","  return sharp.concurrency(is.integer(concurrency) ? concurrency : null);","}","","/**"," * Provides access to internal task counters."," * - queue is the number of tasks this module has queued waiting for _libuv_ to provide a worker thread from its pool."," * - process is the number of resize tasks currently being processed."," *"," * @example"," * const counters = sharp.counters(); // { queue: 2, process: 4 }"," *"," * @returns {Object}"," */","function counters () {","  return sharp.counters();","}","","/**"," * Get and set use of SIMD vector unit instructions."," * Requires libvips to have been compiled with liborc support."," *"," * Improves the performance of `resize`, `blur` and `sharpen` operations"," * by taking advantage of the SIMD vector unit of the CPU, e.g. Intel SSE and ARM NEON."," *"," * This feature is currently off by default but future versions may reverse this."," * Versions of liborc prior to 0.4.25 are known to segfault under heavy load."," *"," * @example"," * const simd = sharp.simd();"," * // simd is `true` if SIMD is currently enabled"," * @example"," * const simd = sharp.simd(true);"," * // attempts to enable the use of SIMD, returning true if available"," *"," * @param {Boolean} [simd=false]"," * @returns {Boolean}"," */","function simd (simd) {","  return sharp.simd(is.bool(simd) ? simd : null);","}","simd(false);","","/**"," * Decorate the Sharp class with utility-related functions."," * @private"," */","module.exports = function (Sharp) {","  [","    cache,","    concurrency,","    counters,","    simd","  ].forEach(function (f) {","    Sharp[f.name] = f;","  });","};",""],"l":{"3":1,"4":1,"25":1,"26":1,"27":1,"29":1,"31":0,"33":0,"34":0,"36":0,"39":1,"60":1,"61":0,"74":1,"75":0,"98":1,"99":1,"101":1,"107":1,"108":1,"114":4}},"/home/travis/build/npmtest/node-npmtest-sharp/node_modules/sharp/binding.js":{"path":"/home/travis/build/npmtest/node-npmtest-sharp/node_modules/sharp/binding.js","s":{"1":1,"2":1,"3":1,"4":1,"5":1,"6":1,"7":1,"8":1,"9":1,"10":1,"11":1,"12":1,"13":1,"14":0,"15":0,"16":1,"17":0,"18":0,"19":0,"20":0,"21":0,"22":1,"23":0,"24":0,"25":0,"26":0,"27":0,"28":0,"29":1,"30":0,"31":0,"32":0,"33":0,"34":1,"35":0,"36":0,"37":0,"38":0,"39":0,"40":0,"41":0,"42":0,"43":0,"44":0,"45":0,"46":0,"47":0,"48":0,"49":0,"50":0,"51":0,"52":0,"53":0,"54":0,"55":0,"56":0,"57":0,"58":0,"59":0,"60":0,"61":1,"62":0,"63":0,"64":0,"65":0,"66":0},"b":{"1":[1,1],"2":[1,1],"3":[1,1],"4":[0,0],"5":[0,0],"6":[0,0,0],"7":[0,0],"8":[0,0,0],"9":[0,0],"10":[0,0],"11":[0,0],"12":[0,0],"13":[0,0],"14":[0,0],"15":[0,0],"16":[0,0],"17":[0,0],"18":[0,0],"19":[0,0],"20":[0,0]},"f":{"1":0,"2":0,"3":0,"4":0,"5":0,"6":0,"7":0,"8":0,"9":0,"10":0},"fnMap":{"1":{"name":"(anonymous_1)","line":25,"loc":{"start":{"line":25,"column":15},"end":{"line":25,"column":31}}},"2":{"name":"(anonymous_2)","line":31,"loc":{"start":{"line":31,"column":15},"end":{"line":31,"column":40}}},"3":{"name":"(anonymous_3)","line":43,"loc":{"start":{"line":43,"column":19},"end":{"line":43,"column":31}}},"4":{"name":"(anonymous_4)","line":55,"loc":{"start":{"line":55,"column":14},"end":{"line":55,"column":29}}},"5":{"name":"(anonymous_5)","line":65,"loc":{"start":{"line":65,"column":31},"end":{"line":65,"column":43}}},"6":{"name":"(anonymous_6)","line":93,"loc":{"start":{"line":93,"column":69},"end":{"line":93,"column":81}}},"7":{"name":"(anonymous_7)","line":94,"loc":{"start":{"line":94,"column":28},"end":{"line":94,"column":40}}},"8":{"name":"(anonymous_8)","line":107,"loc":{"start":{"line":107,"column":45},"end":{"line":107,"column":65}}},"9":{"name":"(anonymous_9)","line":111,"loc":{"start":{"line":111,"column":21},"end":{"line":111,"column":36}}},"10":{"name":"(anonymous_10)","line":118,"loc":{"start":{"line":118,"column":33},"end":{"line":118,"column":45}}}},"statementMap":{"1":{"start":{"line":3,"column":0},"end":{"line":3,"column":25}},"2":{"start":{"line":4,"column":0},"end":{"line":4,"column":25}},"3":{"start":{"line":5,"column":0},"end":{"line":5,"column":29}},"4":{"start":{"line":6,"column":0},"end":{"line":6,"column":29}},"5":{"start":{"line":8,"column":0},"end":{"line":8,"column":27}},"6":{"start":{"line":9,"column":0},"end":{"line":9,"column":27}},"7":{"start":{"line":10,"column":0},"end":{"line":10,"column":33}},"8":{"start":{"line":11,"column":0},"end":{"line":11,"column":27}},"9":{"start":{"line":13,"column":0},"end":{"line":13,"column":59}},"10":{"start":{"line":16,"column":0},"end":{"line":16,"column":113}},"11":{"start":{"line":18,"column":0},"end":{"line":18,"column":69}},"12":{"start":{"line":20,"column":0},"end":{"line":20,"column":57}},"13":{"start":{"line":25,"column":0},"end":{"line":29,"column":2}},"14":{"start":{"line":26,"column":2},"end":{"line":28,"column":18}},"15":{"start":{"line":27,"column":4},"end":{"line":27,"column":38}},"16":{"start":{"line":31,"column":0},"end":{"line":41,"column":2}},"17":{"start":{"line":32,"column":2},"end":{"line":32,"column":74}},"18":{"start":{"line":33,"column":2},"end":{"line":35,"column":3}},"19":{"start":{"line":34,"column":4},"end":{"line":34,"column":30}},"20":{"start":{"line":36,"column":2},"end":{"line":36,"column":31}},"21":{"start":{"line":37,"column":2},"end":{"line":40,"column":21}},"22":{"start":{"line":43,"column":0},"end":{"line":52,"column":2}},"23":{"start":{"line":44,"column":2},"end":{"line":44,"column":32}},"24":{"start":{"line":45,"column":2},"end":{"line":50,"column":3}},"25":{"start":{"line":46,"column":4},"end":{"line":46,"column":126}},"26":{"start":{"line":47,"column":4},"end":{"line":47,"column":41}},"27":{"start":{"line":49,"column":4},"end":{"line":49,"column":26}},"28":{"start":{"line":51,"column":2},"end":{"line":51,"column":30}},"29":{"start":{"line":55,"column":0},"end":{"line":61,"column":2}},"30":{"start":{"line":56,"column":2},"end":{"line":58,"column":3}},"31":{"start":{"line":57,"column":4},"end":{"line":57,"column":22}},"32":{"start":{"line":59,"column":2},"end":{"line":59,"column":47}},"33":{"start":{"line":60,"column":2},"end":{"line":60,"column":18}},"34":{"start":{"line":65,"column":0},"end":{"line":116,"column":2}},"35":{"start":{"line":67,"column":2},"end":{"line":67,"column":85}},"36":{"start":{"line":68,"column":2},"end":{"line":115,"column":3}},"37":{"start":{"line":70,"column":4},"end":{"line":72,"column":5}},"38":{"start":{"line":71,"column":6},"end":{"line":71,"column":132}},"39":{"start":{"line":74,"column":4},"end":{"line":74,"column":47}},"40":{"start":{"line":75,"column":4},"end":{"line":84,"column":5}},"41":{"start":{"line":76,"column":6},"end":{"line":83,"column":7}},"42":{"start":{"line":77,"column":8},"end":{"line":77,"column":104}},"43":{"start":{"line":78,"column":8},"end":{"line":80,"column":9}},"44":{"start":{"line":79,"column":10},"end":{"line":79,"column":138}},"45":{"start":{"line":82,"column":8},"end":{"line":82,"column":130}},"46":{"start":{"line":86,"column":4},"end":{"line":86,"column":95}},"47":{"start":{"line":87,"column":4},"end":{"line":87,"column":72}},"48":{"start":{"line":88,"column":4},"end":{"line":114,"column":5}},"49":{"start":{"line":89,"column":6},"end":{"line":89,"column":27}},"50":{"start":{"line":92,"column":6},"end":{"line":92,"column":82}},"51":{"start":{"line":93,"column":6},"end":{"line":100,"column":9}},"52":{"start":{"line":94,"column":8},"end":{"line":99,"column":11}},"53":{"start":{"line":96,"column":10},"end":{"line":98,"column":26}},"54":{"start":{"line":97,"column":12},"end":{"line":97,"column":39}},"55":{"start":{"line":101,"column":6},"end":{"line":105,"column":8}},"56":{"start":{"line":106,"column":6},"end":{"line":106,"column":44}},"57":{"start":{"line":107,"column":6},"end":{"line":113,"column":23}},"58":{"start":{"line":108,"column":8},"end":{"line":110,"column":9}},"59":{"start":{"line":109,"column":10},"end":{"line":109,"column":61}},"60":{"start":{"line":112,"column":8},"end":{"line":112,"column":64}},"61":{"start":{"line":118,"column":0},"end":{"line":129,"column":2}},"62":{"start":{"line":119,"column":2},"end":{"line":119,"column":60}},"63":{"start":{"line":120,"column":2},"end":{"line":128,"column":3}},"64":{"start":{"line":121,"column":4},"end":{"line":124,"column":6}},"65":{"start":{"line":125,"column":4},"end":{"line":125,"column":59}},"66":{"start":{"line":127,"column":4},"end":{"line":127,"column":34}}},"branchMap":{"1":{"line":16,"type":"binary-expr","locations":[{"start":{"line":16,"column":30},"end":{"line":16,"column":68}},{"start":{"line":16,"column":72},"end":{"line":16,"column":112}}]},"2":{"line":18,"type":"binary-expr","locations":[{"start":{"line":18,"column":17},"end":{"line":18,"column":48}},{"start":{"line":18,"column":52},"end":{"line":18,"column":68}}]},"3":{"line":20,"type":"binary-expr","locations":[{"start":{"line":20,"column":13},"end":{"line":20,"column":40}},{"start":{"line":20,"column":44},"end":{"line":20,"column":56}}]},"4":{"line":33,"type":"if","locations":[{"start":{"line":33,"column":2},"end":{"line":33,"column":2}},{"start":{"line":33,"column":2},"end":{"line":33,"column":2}}]},"5":{"line":45,"type":"if","locations":[{"start":{"line":45,"column":2},"end":{"line":45,"column":2}},{"start":{"line":45,"column":2},"end":{"line":45,"column":2}}]},"6":{"line":45,"type":"binary-expr","locations":[{"start":{"line":45,"column":6},"end":{"line":45,"column":20}},{"start":{"line":45,"column":24},"end":{"line":45,"column":40}},{"start":{"line":45,"column":44},"end":{"line":45,"column":61}}]},"7":{"line":46,"type":"cond-expr","locations":[{"start":{"line":46,"column":45},"end":{"line":46,"column":48}},{"start":{"line":46,"column":51},"end":{"line":46,"column":125}}]},"8":{"line":46,"type":"binary-expr","locations":[{"start":{"line":46,"column":51},"end":{"line":46,"column":78}},{"start":{"line":46,"column":82},"end":{"line":46,"column":118}},{"start":{"line":46,"column":122},"end":{"line":46,"column":125}}]},"9":{"line":56,"type":"if","locations":[{"start":{"line":56,"column":2},"end":{"line":56,"column":2}},{"start":{"line":56,"column":2},"end":{"line":56,"column":2}}]},"10":{"line":68,"type":"if","locations":[{"start":{"line":68,"column":2},"end":{"line":68,"column":2}},{"start":{"line":68,"column":2},"end":{"line":68,"column":2}}]},"11":{"line":70,"type":"if","locations":[{"start":{"line":70,"column":4},"end":{"line":70,"column":4}},{"start":{"line":70,"column":4},"end":{"line":70,"column":4}}]},"12":{"line":75,"type":"if","locations":[{"start":{"line":75,"column":4},"end":{"line":75,"column":4}},{"start":{"line":75,"column":4},"end":{"line":75,"column":4}}]},"13":{"line":76,"type":"if","locations":[{"start":{"line":76,"column":6},"end":{"line":76,"column":6}},{"start":{"line":76,"column":6},"end":{"line":76,"column":6}}]},"14":{"line":77,"type":"cond-expr","locations":[{"start":{"line":77,"column":42},"end":{"line":77,"column":98}},{"start":{"line":77,"column":101},"end":{"line":77,"column":103}}]},"15":{"line":78,"type":"if","locations":[{"start":{"line":78,"column":8},"end":{"line":78,"column":8}},{"start":{"line":78,"column":8},"end":{"line":78,"column":8}}]},"16":{"line":78,"type":"binary-expr","locations":[{"start":{"line":78,"column":12},"end":{"line":78,"column":24}},{"start":{"line":78,"column":28},"end":{"line":78,"column":68}}]},"17":{"line":88,"type":"if","locations":[{"start":{"line":88,"column":4},"end":{"line":88,"column":4}},{"start":{"line":88,"column":4},"end":{"line":88,"column":4}}]},"18":{"line":108,"type":"if","locations":[{"start":{"line":108,"column":8},"end":{"line":108,"column":8}},{"start":{"line":108,"column":8},"end":{"line":108,"column":8}}]},"19":{"line":120,"type":"if","locations":[{"start":{"line":120,"column":2},"end":{"line":120,"column":2}},{"start":{"line":120,"column":2},"end":{"line":120,"column":2}}]},"20":{"line":125,"type":"cond-expr","locations":[{"start":{"line":125,"column":41},"end":{"line":125,"column":47}},{"start":{"line":125,"column":50},"end":{"line":125,"column":57}}]}},"code":["'use strict';","","const fs = require('fs');","const os = require('os');","const path = require('path');","const zlib = require('zlib');","","const caw = require('caw');","const got = require('got');","const semver = require('semver');","const tar = require('tar');","","const distBaseUrl = 'https://dl.bintray.com/lovell/sharp/';","","// Use NPM-provided environment variable where available, falling back to require-based method for Electron","const minimumLibvipsVersion = process.env.npm_package_config_libvips || require('./package.json').config.libvips;","","const platform = process.env.npm_config_platform || process.platform;","","const arch = process.env.npm_config_arch || process.arch;","","// -- Helpers","","// Does this file exist?","const isFile = function (file) {","  try {","    return fs.statSync(file).isFile();","  } catch (err) {}","};","","const unpack = function (tarPath, done) {","  const extractor = tar.Extract({ path: path.join(__dirname, 'vendor') });","  if (done) {","    extractor.on('end', done);","  }","  extractor.on('error', error);","  fs.createReadStream(tarPath)","    .on('error', error)","    .pipe(zlib.Unzip())","    .pipe(extractor);","};","","const platformId = function () {","  const platformId = [platform];","  if (arch === 'arm' || arch === 'armhf' || arch === 'arch64') {","    const armVersion = (arch === 'arch64') ? '8' : process.env.npm_config_armv || process.config.variables.arm_version || '6';","    platformId.push('armv' + armVersion);","  } else {","    platformId.push(arch);","  }","  return platformId.join('-');","};","","// Error","const error = function (msg) {","  if (msg instanceof Error) {","    msg = msg.message;","  }","  process.stderr.write('ERROR: ' + msg + '\\n');","  process.exit(1);","};","","// -- Binary downloaders","","module.exports.download_vips = function () {","  // Has vips been installed locally?","  const vipsHeaderPath = path.join(__dirname, 'vendor', 'include', 'vips', 'vips.h');","  if (!isFile(vipsHeaderPath)) {","    // Ensure Intel 64-bit or ARM","    if (arch === 'ia32') {","      error('Intel Architecture 32-bit systems require manual installation - please see http://sharp.dimens.io/en/stable/install/');","    }","    // Ensure glibc >= 2.15","    const lddVersion = process.env.LDD_VERSION;","    if (lddVersion) {","      if (/(glibc|gnu libc)/i.test(lddVersion)) {","        const glibcVersion = lddVersion ? lddVersion.split(/\\n/)[0].split(' ').slice(-1)[0].trim() : '';","        if (glibcVersion && semver.lt(glibcVersion + '.0', '2.13.0')) {","          error('glibc version ' + glibcVersion + ' requires manual installation - please see http://sharp.dimens.io/en/stable/install/');","        }","      } else {","        error(lddVersion.split(/\\n/)[0] + ' requires manual installation - please see http://sharp.dimens.io/en/stable/install/');","      }","    }","    // Arch/platform-specific .tar.gz","    const tarFilename = ['libvips', minimumLibvipsVersion, platformId()].join('-') + '.tar.gz';","    const tarPathLocal = path.join(__dirname, 'packaging', tarFilename);","    if (isFile(tarPathLocal)) {","      unpack(tarPathLocal);","    } else {","      // Download to per-process temporary file","      const tarPathTemp = path.join(os.tmpdir(), process.pid + '-' + tarFilename);","      const tmpFile = fs.createWriteStream(tarPathTemp).on('finish', function () {","        unpack(tarPathTemp, function () {","          // Attempt to remove temporary file","          try {","            fs.unlinkSync(tarPathTemp);","          } catch (err) {}","        });","      });","      const gotOpt = {","        agent: caw(null, {","          protocol: 'https'","        })","      };","      const url = distBaseUrl + tarFilename;","      got.stream(url, gotOpt).on('response', function (response) {","        if (response.statusCode !== 200) {","          error(url + ' status code ' + response.statusCode);","        }","      }).on('error', function (err) {","        error('Download of ' + url + ' failed: ' + err.message);","      }).pipe(tmpFile);","    }","  }","};","","module.exports.use_global_vips = function () {","  const globalVipsVersion = process.env.GLOBAL_VIPS_VERSION;","  if (globalVipsVersion) {","    const useGlobalVips = semver.gte(","      globalVipsVersion,","      minimumLibvipsVersion","    );","    process.stdout.write(useGlobalVips ? 'true' : 'false');","  } else {","    process.stdout.write('false');","  }","};",""],"l":{"3":1,"4":1,"5":1,"6":1,"8":1,"9":1,"10":1,"11":1,"13":1,"16":1,"18":1,"20":1,"25":1,"26":0,"27":0,"31":1,"32":0,"33":0,"34":0,"36":0,"37":0,"43":1,"44":0,"45":0,"46":0,"47":0,"49":0,"51":0,"55":1,"56":0,"57":0,"59":0,"60":0,"65":1,"67":0,"68":0,"70":0,"71":0,"74":0,"75":0,"76":0,"77":0,"78":0,"79":0,"82":0,"86":0,"87":0,"88":0,"89":0,"92":0,"93":0,"94":0,"96":0,"97":0,"101":0,"106":0,"107":0,"108":0,"109":0,"112":0,"118":1,"119":0,"120":0,"121":0,"125":0,"127":0}}}